2017-05-13 09:34:07 main.MainWindow.main(MainWindow.java:57) 界面初始化开始
2017-05-13 09:34:08 main.MainWindow.main(MainWindow.java:69) 界面初始化完成
2017-05-13 09:37:57 [main] DEBUG main.MainWindow.main(MainWindow.java:57) 界面初始化开始
2017-05-13 09:37:57 [main] DEBUG main.MainWindow.main(MainWindow.java:69) 界面初始化完成
2017-05-13 10:43:36 [main] DEBUG main.MainWindow.main(MainWindow.java:59) 界面初始化开始
2017-05-13 10:43:37 [main] DEBUG main.MainWindow.main(MainWindow.java:72) 界面初始化完成
2017-05-13 11:25:38 [main] DEBUG main.MainWindow.main(MainWindow.java:59) 界面初始化开始
2017-05-13 11:25:38 [main] DEBUG main.MainWindow.main(MainWindow.java:72) 界面初始化完成
2017-05-13 20:42:28 [main] DEBUG main.MainWindow.main(MainWindow.java:59) 界面初始化开始
2017-05-13 20:42:28 [main] DEBUG main.MainWindow.main(MainWindow.java:72) 界面初始化完成
2017-05-13 20:51:02 [main] DEBUG main.MainWindow.main(MainWindow.java:59) 界面初始化开始
2017-05-13 20:51:03 [main] DEBUG main.MainWindow.main(MainWindow.java:72) 界面初始化完成
2017-05-13 22:36:27 [main] DEBUG main.MainWindow.main(MainWindow.java:60) 界面初始化开始
2017-05-13 22:36:27 [main] DEBUG main.MainWindow.main(MainWindow.java:62) 数据初始化开始
2017-05-13 22:43:51 [main] DEBUG main.MainWindow.main(MainWindow.java:60) 界面初始化开始
2017-05-13 22:43:51 [main] DEBUG main.MainWindow.main(MainWindow.java:62) 数据初始化开始
2017-05-13 22:46:31 [main] DEBUG main.MainWindow.main(MainWindow.java:60) 界面初始化开始
2017-05-13 22:46:31 [main] DEBUG main.MainWindow.main(MainWindow.java:62) 数据初始化开始
2017-05-13 22:48:43 [main] DEBUG main.MainWindow.main(MainWindow.java:60) 界面初始化开始
2017-05-13 22:48:43 [main] DEBUG main.MainWindow.main(MainWindow.java:62) 数据初始化开始
2017-05-13 22:52:28 [main] DEBUG main.MainWindow.main(MainWindow.java:60) 界面初始化开始
2017-05-13 22:52:28 [main] DEBUG main.MainWindow.main(MainWindow.java:62) 数据初始化开始
2017-05-13 22:54:44 [main] DEBUG main.MainWindow.main(MainWindow.java:60) 界面初始化开始
2017-05-13 22:54:44 [main] DEBUG main.MainWindow.main(MainWindow.java:62) 数据初始化开始
2017-05-13 22:54:51 [main] DEBUG main.MainWindow.main(MainWindow.java:60) 界面初始化开始
2017-05-13 22:54:51 [main] DEBUG main.MainWindow.main(MainWindow.java:62) 数据初始化开始
2017-05-13 22:58:07 [main] DEBUG main.MainWindow.main(MainWindow.java:60) 界面初始化开始
2017-05-13 22:58:07 [main] DEBUG main.MainWindow.main(MainWindow.java:62) 数据初始化开始
2017-05-13 22:59:44 [main] DEBUG main.MainWindow.main(MainWindow.java:60) 界面初始化开始
2017-05-13 22:59:44 [main] DEBUG main.MainWindow.main(MainWindow.java:62) 数据初始化开始
2017-05-13 23:00:20 [main] DEBUG main.MainWindow.main(MainWindow.java:60) 界面初始化开始
2017-05-13 23:00:20 [main] DEBUG main.MainWindow.main(MainWindow.java:62) 数据初始化开始
2017-05-13 23:04:23 [main] DEBUG main.MainWindow.main(MainWindow.java:60) 界面初始化开始
2017-05-13 23:04:23 [main] DEBUG main.MainWindow.main(MainWindow.java:62) 数据初始化开始
2017-05-13 23:07:01 [main] DEBUG main.MainWindow.main(MainWindow.java:60) 界面初始化开始
2017-05-13 23:07:01 [main] DEBUG main.MainWindow.main(MainWindow.java:62) 数据初始化开始
2017-05-13 23:07:02 [main] DEBUG main.MainWindow.main(MainWindow.java:64) 数据初始化完成
2017-05-13 23:07:02 [main] DEBUG main.MainWindow.main(MainWindow.java:78) 界面初始化完成
2017-05-13 23:10:45 [main] DEBUG main.MainWindow.main(MainWindow.java:60) 界面初始化开始
2017-05-13 23:10:45 [main] DEBUG main.MainWindow.main(MainWindow.java:62) 数据初始化开始
2017-05-13 23:10:46 [main] DEBUG main.MainWindow.main(MainWindow.java:64) 数据初始化完成
2017-05-13 23:18:02 [main] DEBUG main.MainWindow.main(MainWindow.java:60) 界面初始化开始
2017-05-13 23:18:02 [main] DEBUG main.MainWindow.main(MainWindow.java:62) 数据初始化开始
2017-05-13 23:18:04 [main] DEBUG main.MainWindow.main(MainWindow.java:64) 数据初始化完成
2017-05-13 23:18:04 [main] DEBUG main.MainWindow.main(MainWindow.java:79) 界面初始化完成
2017-05-13 23:21:46 [main] DEBUG main.MainWindow.main(MainWindow.java:60) 界面初始化开始
2017-05-13 23:21:46 [main] DEBUG main.MainWindow.main(MainWindow.java:62) 数据初始化开始
2017-05-13 23:21:48 [main] DEBUG main.MainWindow.main(MainWindow.java:64) 数据初始化完成
2017-05-13 23:21:48 [main] DEBUG main.MainWindow.main(MainWindow.java:77) 界面初始化完成
2017-05-13 23:24:43 [main] DEBUG main.MainWindow.main(MainWindow.java:60) 界面初始化开始
2017-05-13 23:24:43 [main] DEBUG main.MainWindow.main(MainWindow.java:73) 界面初始化完成
2017-05-13 23:25:43 [main] DEBUG main.MainWindow.main(MainWindow.java:60) 界面初始化开始
2017-05-13 23:25:43 [main] DEBUG main.MainWindow.main(MainWindow.java:73) 界面初始化完成
2017-05-13 23:26:48 [main] DEBUG main.MainWindow.main(MainWindow.java:60) 界面初始化开始
2017-05-13 23:26:48 [main] DEBUG main.MainWindow.main(MainWindow.java:62) 数据初始化开始
2017-05-13 23:26:49 [main] DEBUG main.MainWindow.main(MainWindow.java:64) 数据初始化完成
2017-05-13 23:26:49 [main] DEBUG main.MainWindow.main(MainWindow.java:77) 界面初始化完成
2017-05-13 23:32:21 [main] DEBUG main.MainWindow.main(MainWindow.java:60) 界面初始化开始
2017-05-13 23:32:21 [main] DEBUG main.MainWindow.main(MainWindow.java:62) 数据初始化开始
2017-05-13 23:32:23 [main] DEBUG main.MainWindow.main(MainWindow.java:64) 数据初始化完成
2017-05-13 23:32:24 [main] DEBUG main.MainWindow.main(MainWindow.java:77) 界面初始化完成
2017-05-13 23:33:27 [main] DEBUG main.MainWindow.main(MainWindow.java:60) 界面初始化开始
2017-05-13 23:33:27 [main] DEBUG main.MainWindow.main(MainWindow.java:62) 数据初始化开始
2017-05-13 23:40:19 [main] DEBUG main.MainWindow.main(MainWindow.java:60) 界面初始化开始
2017-05-13 23:40:19 [main] DEBUG main.MainWindow.main(MainWindow.java:62) 数据初始化开始
2017-05-13 23:40:21 [main] DEBUG main.MainWindow.main(MainWindow.java:64) 数据初始化完成
2017-05-13 23:40:21 [main] DEBUG main.MainWindow.main(MainWindow.java:77) 界面初始化完成
2017-05-14 00:38:52 [main] DEBUG main.MainWindow.main(MainWindow.java:61) 界面初始化开始
2017-05-14 00:38:52 [main] DEBUG main.MainWindow.main(MainWindow.java:63) 数据初始化开始
2017-05-14 00:38:53 [main] DEBUG main.MainWindow.main(MainWindow.java:65) 数据初始化完成
2017-05-14 00:38:53 [main] DEBUG main.MainWindow.main(MainWindow.java:78) 界面初始化完成
2017-05-14 00:38:54 [AWT-EventQueue-0] ERROR main.MainWindow$1.run(MainWindow.java:73) java.lang.NullPointerException
2017-05-14 00:41:18 [main] DEBUG main.MainWindow.main(MainWindow.java:61) 界面初始化开始
2017-05-14 00:41:18 [main] DEBUG main.MainWindow.main(MainWindow.java:63) 数据初始化开始
2017-05-14 00:41:19 [main] DEBUG main.MainWindow.main(MainWindow.java:65) 数据初始化完成
2017-05-14 00:41:20 [main] DEBUG main.MainWindow.main(MainWindow.java:78) 界面初始化完成
2017-05-14 00:43:49 [main] DEBUG main.MainWindow.main(MainWindow.java:61) 界面初始化开始
2017-05-14 00:43:49 [main] DEBUG main.MainWindow.main(MainWindow.java:63) 数据初始化开始
2017-05-14 00:43:51 [main] DEBUG main.MainWindow.main(MainWindow.java:65) 数据初始化完成
2017-05-14 00:43:51 [main] DEBUG main.MainWindow.main(MainWindow.java:78) 界面初始化完成
2017-05-14 09:25:10 [main] DEBUG main.MainWindow.main(MainWindow.java:62) 界面初始化开始
2017-05-14 09:25:10 [main] DEBUG main.MainWindow.main(MainWindow.java:64) 数据初始化开始
2017-05-14 09:25:11 [main] DEBUG main.MainWindow.main(MainWindow.java:66) 数据初始化完成
2017-05-14 09:25:11 [main] DEBUG main.MainWindow.main(MainWindow.java:79) 界面初始化完成
2017-05-14 09:29:00 [main] DEBUG main.MainWindow.main(MainWindow.java:62) 界面初始化开始
2017-05-14 09:29:00 [main] DEBUG main.MainWindow.main(MainWindow.java:64) 数据初始化开始
2017-05-14 09:29:02 [main] DEBUG main.MainWindow.main(MainWindow.java:66) 数据初始化完成
2017-05-14 09:29:02 [main] DEBUG main.MainWindow.main(MainWindow.java:79) 界面初始化完成
2017-05-14 10:00:53 [main] DEBUG main.MainWindow.main(MainWindow.java:62) 界面初始化开始
2017-05-14 10:00:53 [main] DEBUG main.MainWindow.main(MainWindow.java:64) 数据初始化开始
2017-05-14 10:00:55 [main] DEBUG main.MainWindow.main(MainWindow.java:66) 数据初始化完成
2017-05-14 10:00:55 [main] DEBUG main.MainWindow.main(MainWindow.java:79) 界面初始化完成
2017-05-14 10:13:18 [main] DEBUG main.MainWindow.main(MainWindow.java:62) 界面初始化开始
2017-05-14 10:13:18 [main] DEBUG main.MainWindow.main(MainWindow.java:64) 数据初始化开始
2017-05-14 10:13:20 [main] DEBUG main.MainWindow.main(MainWindow.java:66) 数据初始化完成
2017-05-14 10:13:20 [main] DEBUG main.MainWindow.main(MainWindow.java:79) 界面初始化完成
2017-05-14 10:14:41 [main] DEBUG main.MainWindow.main(MainWindow.java:62) 界面初始化开始
2017-05-14 10:14:41 [main] DEBUG main.MainWindow.main(MainWindow.java:64) 数据初始化开始
2017-05-14 10:14:43 [main] DEBUG main.MainWindow.main(MainWindow.java:66) 数据初始化完成
2017-05-14 10:14:43 [main] DEBUG main.MainWindow.main(MainWindow.java:79) 界面初始化完成
2017-05-14 10:27:14 [main] DEBUG main.MainWindow.main(MainWindow.java:62) 界面初始化开始
2017-05-14 10:27:14 [main] DEBUG main.MainWindow.main(MainWindow.java:64) 数据初始化开始
2017-05-14 10:27:15 [main] DEBUG main.MainWindow.main(MainWindow.java:66) 数据初始化完成
2017-05-14 10:27:15 [main] DEBUG main.MainWindow.main(MainWindow.java:79) 界面初始化完成
2017-05-14 10:32:16 [main] DEBUG main.MainWindow.main(MainWindow.java:62) 界面初始化开始
2017-05-14 10:32:16 [main] DEBUG main.MainWindow.main(MainWindow.java:64) 数据初始化开始
2017-05-14 10:32:17 [main] DEBUG main.MainWindow.main(MainWindow.java:66) 数据初始化完成
2017-05-14 10:32:17 [main] DEBUG main.MainWindow.main(MainWindow.java:79) 界面初始化完成
2017-05-14 10:37:52 [main] DEBUG main.MainWindow.main(MainWindow.java:62) 界面初始化开始
2017-05-14 10:37:52 [main] DEBUG main.MainWindow.main(MainWindow.java:64) 数据初始化开始
2017-05-14 10:37:54 [main] DEBUG main.MainWindow.main(MainWindow.java:66) 数据初始化完成
2017-05-14 10:37:54 [main] DEBUG main.MainWindow.main(MainWindow.java:79) 界面初始化完成
2017-05-14 10:39:36 [main] DEBUG main.MainWindow.main(MainWindow.java:62) 界面初始化开始
2017-05-14 10:39:36 [main] DEBUG main.MainWindow.main(MainWindow.java:64) 数据初始化开始
2017-05-14 10:39:38 [main] DEBUG main.MainWindow.main(MainWindow.java:66) 数据初始化完成
2017-05-14 10:39:38 [main] DEBUG main.MainWindow.main(MainWindow.java:79) 界面初始化完成
2017-05-14 10:40:12 [main] DEBUG main.MainWindow.main(MainWindow.java:62) 界面初始化开始
2017-05-14 10:40:12 [main] DEBUG main.MainWindow.main(MainWindow.java:64) 数据初始化开始
2017-05-14 10:40:14 [main] DEBUG main.MainWindow.main(MainWindow.java:66) 数据初始化完成
2017-05-14 10:40:14 [main] DEBUG main.MainWindow.main(MainWindow.java:79) 界面初始化完成
2017-05-14 10:41:54 [main] DEBUG main.MainWindow.main(MainWindow.java:62) 界面初始化开始
2017-05-14 10:41:54 [main] DEBUG main.MainWindow.main(MainWindow.java:64) 数据初始化开始
2017-05-14 10:41:56 [main] DEBUG main.MainWindow.main(MainWindow.java:66) 数据初始化完成
2017-05-14 10:41:56 [main] DEBUG main.MainWindow.main(MainWindow.java:79) 界面初始化完成
2017-05-14 10:42:41 [main] DEBUG main.MainWindow.main(MainWindow.java:62) 界面初始化开始
2017-05-14 10:42:41 [main] DEBUG main.MainWindow.main(MainWindow.java:64) 数据初始化开始
2017-05-14 10:42:43 [main] DEBUG main.MainWindow.main(MainWindow.java:66) 数据初始化完成
2017-05-14 10:42:43 [main] DEBUG main.MainWindow.main(MainWindow.java:79) 界面初始化完成
2017-05-14 10:44:44 [main] DEBUG main.MainWindow.main(MainWindow.java:62) 界面初始化开始
2017-05-14 10:44:44 [main] DEBUG main.MainWindow.main(MainWindow.java:64) 数据初始化开始
2017-05-14 10:44:46 [main] DEBUG main.MainWindow.main(MainWindow.java:66) 数据初始化完成
2017-05-14 10:44:47 [main] DEBUG main.MainWindow.main(MainWindow.java:79) 界面初始化完成
2017-05-14 10:45:04 [main] DEBUG main.MainWindow.main(MainWindow.java:62) 界面初始化开始
2017-05-14 10:45:04 [main] DEBUG main.MainWindow.main(MainWindow.java:64) 数据初始化开始
2017-05-14 10:45:06 [main] DEBUG main.MainWindow.main(MainWindow.java:66) 数据初始化完成
2017-05-14 10:45:07 [main] DEBUG main.MainWindow.main(MainWindow.java:79) 界面初始化完成
2017-05-14 10:45:26 [main] DEBUG main.MainWindow.main(MainWindow.java:62) 界面初始化开始
2017-05-14 10:45:26 [main] DEBUG main.MainWindow.main(MainWindow.java:64) 数据初始化开始
2017-05-14 10:45:28 [main] DEBUG main.MainWindow.main(MainWindow.java:66) 数据初始化完成
2017-05-14 10:45:28 [main] DEBUG main.MainWindow.main(MainWindow.java:79) 界面初始化完成
2017-05-14 10:45:54 [main] DEBUG main.MainWindow.main(MainWindow.java:62) 界面初始化开始
2017-05-14 10:45:54 [main] DEBUG main.MainWindow.main(MainWindow.java:64) 数据初始化开始
2017-05-14 10:45:56 [main] DEBUG main.MainWindow.main(MainWindow.java:66) 数据初始化完成
2017-05-14 10:45:56 [main] DEBUG main.MainWindow.main(MainWindow.java:79) 界面初始化完成
2017-05-14 12:09:15 [main] DEBUG main.MainWindow.main(MainWindow.java:62) 界面初始化开始
2017-05-14 12:09:15 [main] DEBUG main.MainWindow.main(MainWindow.java:64) 数据初始化开始
2017-05-14 12:09:16 [main] DEBUG main.MainWindow.main(MainWindow.java:66) 数据初始化完成
2017-05-14 12:09:16 [main] DEBUG main.MainWindow.main(MainWindow.java:79) 界面初始化完成
2017-05-14 12:12:33 [main] DEBUG main.MainWindow.main(MainWindow.java:62) 界面初始化开始
2017-05-14 12:12:33 [main] DEBUG main.MainWindow.main(MainWindow.java:64) 数据初始化开始
2017-05-14 12:12:35 [main] DEBUG main.MainWindow.main(MainWindow.java:66) 数据初始化完成
2017-05-14 12:12:35 [main] DEBUG main.MainWindow.main(MainWindow.java:79) 界面初始化完成
2017-05-14 12:13:50 [main] DEBUG main.MainWindow.main(MainWindow.java:62) 界面初始化开始
2017-05-14 12:13:50 [main] DEBUG main.MainWindow.main(MainWindow.java:64) 数据初始化开始
2017-05-14 12:13:51 [main] DEBUG main.MainWindow.main(MainWindow.java:66) 数据初始化完成
2017-05-14 12:13:51 [main] DEBUG main.MainWindow.main(MainWindow.java:79) 界面初始化完成
2017-05-14 12:15:20 [main] DEBUG main.MainWindow.main(MainWindow.java:62) 界面初始化开始
2017-05-14 12:15:20 [main] DEBUG main.MainWindow.main(MainWindow.java:64) 数据初始化开始
2017-05-14 12:15:22 [main] DEBUG main.MainWindow.main(MainWindow.java:66) 数据初始化完成
2017-05-14 12:15:22 [main] DEBUG main.MainWindow.main(MainWindow.java:79) 界面初始化完成
2017-05-14 12:18:05 [main] DEBUG main.MainWindow.main(MainWindow.java:62) 界面初始化开始
2017-05-14 12:18:05 [main] DEBUG main.MainWindow.main(MainWindow.java:64) 数据初始化开始
2017-05-14 12:18:06 [main] DEBUG main.MainWindow.main(MainWindow.java:66) 数据初始化完成
2017-05-14 12:18:07 [main] DEBUG main.MainWindow.main(MainWindow.java:79) 界面初始化完成
2017-05-14 12:47:30 [main] DEBUG main.MainWindow.main(MainWindow.java:62) 界面初始化开始
2017-05-14 12:47:30 [main] DEBUG main.MainWindow.main(MainWindow.java:64) 数据初始化开始
2017-05-14 12:47:33 [main] DEBUG main.MainWindow.main(MainWindow.java:66) 数据初始化完成
2017-05-14 12:47:33 [main] DEBUG main.MainWindow.main(MainWindow.java:79) 界面初始化完成
2017-05-14 12:49:01 [main] DEBUG main.MainWindow.main(MainWindow.java:62) 界面初始化开始
2017-05-14 12:49:01 [main] DEBUG main.MainWindow.main(MainWindow.java:64) 数据初始化开始
2017-05-14 12:49:02 [main] DEBUG main.MainWindow.main(MainWindow.java:66) 数据初始化完成
2017-05-14 12:49:03 [main] DEBUG main.MainWindow.main(MainWindow.java:79) 界面初始化完成
2017-05-14 12:51:12 [main] DEBUG main.MainWindow.main(MainWindow.java:62) 界面初始化开始
2017-05-14 12:51:12 [main] DEBUG main.MainWindow.main(MainWindow.java:64) 数据初始化开始
2017-05-14 12:51:14 [main] DEBUG main.MainWindow.main(MainWindow.java:66) 数据初始化完成
2017-05-14 12:51:14 [main] DEBUG main.MainWindow.main(MainWindow.java:79) 界面初始化完成
2017-05-14 12:51:14 [AWT-EventQueue-0] ERROR main.MainWindow$1.run(MainWindow.java:74) java.lang.NullPointerException
2017-05-14 12:52:45 [main] DEBUG main.MainWindow.main(MainWindow.java:62) 界面初始化开始
2017-05-14 12:52:45 [main] DEBUG main.MainWindow.main(MainWindow.java:64) 数据初始化开始
2017-05-14 12:52:47 [main] DEBUG main.MainWindow.main(MainWindow.java:66) 数据初始化完成
2017-05-14 12:52:47 [main] DEBUG main.MainWindow.main(MainWindow.java:79) 界面初始化完成
2017-05-14 13:30:02 [main] DEBUG main.MainWindow.main(MainWindow.java:62) 界面初始化开始
2017-05-14 13:30:02 [main] DEBUG main.MainWindow.main(MainWindow.java:64) 数据初始化开始
2017-05-14 13:30:03 [main] DEBUG main.MainWindow.main(MainWindow.java:66) 数据初始化完成
2017-05-14 13:30:03 [main] DEBUG main.MainWindow.main(MainWindow.java:79) 界面初始化完成
2017-05-14 13:31:03 [main] DEBUG main.MainWindow.main(MainWindow.java:62) 界面初始化开始
2017-05-14 13:31:03 [main] DEBUG main.MainWindow.main(MainWindow.java:64) 数据初始化开始
2017-05-14 13:31:05 [main] DEBUG main.MainWindow.main(MainWindow.java:66) 数据初始化完成
2017-05-14 13:31:05 [main] DEBUG main.MainWindow.main(MainWindow.java:79) 界面初始化完成
2017-05-14 13:31:47 [main] DEBUG main.MainWindow.main(MainWindow.java:62) 界面初始化开始
2017-05-14 13:31:47 [main] DEBUG main.MainWindow.main(MainWindow.java:64) 数据初始化开始
2017-05-14 13:31:49 [main] DEBUG main.MainWindow.main(MainWindow.java:66) 数据初始化完成
2017-05-14 13:31:49 [main] DEBUG main.MainWindow.main(MainWindow.java:79) 界面初始化完成
2017-05-14 13:33:01 [main] DEBUG main.MainWindow.main(MainWindow.java:62) 界面初始化开始
2017-05-14 13:33:01 [main] DEBUG main.MainWindow.main(MainWindow.java:64) 数据初始化开始
2017-05-14 13:33:03 [main] DEBUG main.MainWindow.main(MainWindow.java:66) 数据初始化完成
2017-05-14 13:33:03 [main] DEBUG main.MainWindow.main(MainWindow.java:79) 界面初始化完成
2017-05-14 13:33:33 [main] DEBUG main.MainWindow.main(MainWindow.java:62) 界面初始化开始
2017-05-14 13:33:33 [main] DEBUG main.MainWindow.main(MainWindow.java:64) 数据初始化开始
2017-05-14 13:33:35 [main] DEBUG main.MainWindow.main(MainWindow.java:66) 数据初始化完成
2017-05-14 13:33:35 [main] DEBUG main.MainWindow.main(MainWindow.java:79) 界面初始化完成
2017-05-14 13:43:30 [main] DEBUG main.MainWindow.main(MainWindow.java:62) 界面初始化开始
2017-05-14 13:43:30 [main] DEBUG main.MainWindow.main(MainWindow.java:64) 数据初始化开始
2017-05-14 13:43:32 [main] DEBUG main.MainWindow.main(MainWindow.java:66) 数据初始化完成
2017-05-14 13:43:32 [main] DEBUG main.MainWindow.main(MainWindow.java:79) 界面初始化完成
2017-05-14 13:47:29 [main] DEBUG main.MainWindow.main(MainWindow.java:62) 界面初始化开始
2017-05-14 13:47:29 [main] DEBUG main.MainWindow.main(MainWindow.java:64) 数据初始化开始
2017-05-14 13:47:30 [main] DEBUG main.MainWindow.main(MainWindow.java:66) 数据初始化完成
2017-05-14 13:47:31 [main] DEBUG main.MainWindow.main(MainWindow.java:79) 界面初始化完成
2017-05-14 13:49:08 [main] DEBUG main.MainWindow.main(MainWindow.java:62) 界面初始化开始
2017-05-14 13:49:08 [main] DEBUG main.MainWindow.main(MainWindow.java:64) 数据初始化开始
2017-05-14 13:49:10 [main] DEBUG main.MainWindow.main(MainWindow.java:66) 数据初始化完成
2017-05-14 13:49:10 [main] DEBUG main.MainWindow.main(MainWindow.java:79) 界面初始化完成
2017-05-14 13:51:05 [main] DEBUG main.MainWindow.main(MainWindow.java:62) 界面初始化开始
2017-05-14 13:51:05 [main] DEBUG main.MainWindow.main(MainWindow.java:64) 数据初始化开始
2017-05-14 13:51:08 [main] DEBUG main.MainWindow.main(MainWindow.java:66) 数据初始化完成
2017-05-14 13:51:08 [main] DEBUG main.MainWindow.main(MainWindow.java:79) 界面初始化完成
2017-05-14 14:14:00 [main] DEBUG main.MainWindow.main(MainWindow.java:62) 界面初始化开始
2017-05-14 14:14:00 [main] DEBUG main.MainWindow.main(MainWindow.java:64) 数据初始化开始
2017-05-14 14:14:02 [main] DEBUG main.MainWindow.main(MainWindow.java:66) 数据初始化完成
2017-05-14 14:14:03 [main] DEBUG main.MainWindow.main(MainWindow.java:79) 界面初始化完成
2017-05-14 14:15:19 [main] DEBUG main.MainWindow.main(MainWindow.java:62) 界面初始化开始
2017-05-14 14:15:19 [main] DEBUG main.MainWindow.main(MainWindow.java:64) 数据初始化开始
2017-05-14 14:15:21 [main] DEBUG main.MainWindow.main(MainWindow.java:66) 数据初始化完成
2017-05-14 14:15:22 [main] DEBUG main.MainWindow.main(MainWindow.java:79) 界面初始化完成
2017-05-14 14:16:05 [main] DEBUG main.MainWindow.main(MainWindow.java:62) 界面初始化开始
2017-05-14 14:16:05 [main] DEBUG main.MainWindow.main(MainWindow.java:64) 数据初始化开始
2017-05-14 14:16:07 [main] DEBUG main.MainWindow.main(MainWindow.java:66) 数据初始化完成
2017-05-14 14:16:07 [main] DEBUG main.MainWindow.main(MainWindow.java:79) 界面初始化完成
2017-05-14 14:17:26 [main] DEBUG main.MainWindow.main(MainWindow.java:62) 界面初始化开始
2017-05-14 14:17:26 [main] DEBUG main.MainWindow.main(MainWindow.java:64) 数据初始化开始
2017-05-14 14:17:28 [main] DEBUG main.MainWindow.main(MainWindow.java:66) 数据初始化完成
2017-05-14 14:17:28 [main] DEBUG main.MainWindow.main(MainWindow.java:79) 界面初始化完成
2017-05-14 14:18:14 [main] DEBUG main.MainWindow.main(MainWindow.java:62) 界面初始化开始
2017-05-14 14:18:14 [main] DEBUG main.MainWindow.main(MainWindow.java:64) 数据初始化开始
2017-05-14 14:18:16 [main] DEBUG main.MainWindow.main(MainWindow.java:66) 数据初始化完成
2017-05-14 14:18:16 [main] DEBUG main.MainWindow.main(MainWindow.java:79) 界面初始化完成
2017-05-14 14:18:59 [main] DEBUG main.MainWindow.main(MainWindow.java:62) 界面初始化开始
2017-05-14 14:18:59 [main] DEBUG main.MainWindow.main(MainWindow.java:64) 数据初始化开始
2017-05-14 14:19:01 [main] DEBUG main.MainWindow.main(MainWindow.java:66) 数据初始化完成
2017-05-14 14:19:01 [main] DEBUG main.MainWindow.main(MainWindow.java:79) 界面初始化完成
2017-05-14 14:29:52 [main] DEBUG main.MainWindow.main(MainWindow.java:62) 界面初始化开始
2017-05-14 14:29:52 [main] DEBUG main.MainWindow.main(MainWindow.java:64) 数据初始化开始
2017-05-14 14:29:53 [main] DEBUG main.MainWindow.main(MainWindow.java:66) 数据初始化完成
2017-05-14 14:29:53 [main] DEBUG main.MainWindow.main(MainWindow.java:79) 界面初始化完成
2017-05-14 14:30:56 [main] DEBUG main.MainWindow.main(MainWindow.java:62) 界面初始化开始
2017-05-14 14:30:56 [main] DEBUG main.MainWindow.main(MainWindow.java:64) 数据初始化开始
2017-05-14 14:30:58 [main] DEBUG main.MainWindow.main(MainWindow.java:66) 数据初始化完成
2017-05-14 14:30:58 [main] DEBUG main.MainWindow.main(MainWindow.java:79) 界面初始化完成
2017-05-14 14:31:35 [main] DEBUG main.MainWindow.main(MainWindow.java:62) 界面初始化开始
2017-05-14 14:31:35 [main] DEBUG main.MainWindow.main(MainWindow.java:64) 数据初始化开始
2017-05-14 14:31:36 [main] DEBUG main.MainWindow.main(MainWindow.java:66) 数据初始化完成
2017-05-14 14:31:37 [main] DEBUG main.MainWindow.main(MainWindow.java:79) 界面初始化完成
2017-05-14 14:32:58 [main] DEBUG main.MainWindow.main(MainWindow.java:62) 界面初始化开始
2017-05-14 14:32:58 [main] DEBUG main.MainWindow.main(MainWindow.java:64) 数据初始化开始
2017-05-14 14:32:59 [main] DEBUG main.MainWindow.main(MainWindow.java:66) 数据初始化完成
2017-05-14 14:32:59 [main] DEBUG main.MainWindow.main(MainWindow.java:79) 界面初始化完成
2017-05-14 14:36:48 [main] DEBUG main.MainWindow.main(MainWindow.java:62) 界面初始化开始
2017-05-14 14:36:48 [main] DEBUG main.MainWindow.main(MainWindow.java:64) 数据初始化开始
2017-05-14 14:36:50 [main] DEBUG main.MainWindow.main(MainWindow.java:66) 数据初始化完成
2017-05-14 14:36:51 [main] DEBUG main.MainWindow.main(MainWindow.java:79) 界面初始化完成
2017-05-14 14:37:51 [main] DEBUG main.MainWindow.main(MainWindow.java:62) 界面初始化开始
2017-05-14 14:37:51 [main] DEBUG main.MainWindow.main(MainWindow.java:64) 数据初始化开始
2017-05-14 14:37:52 [main] DEBUG main.MainWindow.main(MainWindow.java:66) 数据初始化完成
2017-05-14 14:37:53 [main] DEBUG main.MainWindow.main(MainWindow.java:79) 界面初始化完成
2017-05-14 14:38:58 [main] DEBUG main.MainWindow.main(MainWindow.java:62) 界面初始化开始
2017-05-14 14:38:58 [main] DEBUG main.MainWindow.main(MainWindow.java:64) 数据初始化开始
2017-05-14 14:39:00 [main] DEBUG main.MainWindow.main(MainWindow.java:66) 数据初始化完成
2017-05-14 14:39:00 [main] DEBUG main.MainWindow.main(MainWindow.java:79) 界面初始化完成
2017-05-14 14:39:23 [main] DEBUG main.MainWindow.main(MainWindow.java:62) 界面初始化开始
2017-05-14 14:39:23 [main] DEBUG main.MainWindow.main(MainWindow.java:64) 数据初始化开始
2017-05-14 14:39:25 [main] DEBUG main.MainWindow.main(MainWindow.java:66) 数据初始化完成
2017-05-14 14:39:25 [main] DEBUG main.MainWindow.main(MainWindow.java:79) 界面初始化完成
2017-05-14 16:10:26 [main] DEBUG main.MainWindow.main(MainWindow.java:62) 界面初始化开始
2017-05-14 16:10:26 [main] DEBUG main.MainWindow.main(MainWindow.java:64) 数据初始化开始
2017-05-14 16:10:27 [main] DEBUG main.MainWindow.main(MainWindow.java:66) 数据初始化完成
2017-05-14 16:10:27 [main] DEBUG main.MainWindow.main(MainWindow.java:79) 界面初始化完成
2017-05-14 16:11:04 [main] DEBUG main.MainWindow.main(MainWindow.java:62) 界面初始化开始
2017-05-14 16:11:04 [main] DEBUG main.MainWindow.main(MainWindow.java:64) 数据初始化开始
2017-05-14 16:11:05 [main] DEBUG main.MainWindow.main(MainWindow.java:66) 数据初始化完成
2017-05-14 16:11:05 [main] DEBUG main.MainWindow.main(MainWindow.java:79) 界面初始化完成
2017-05-14 16:12:51 [main] DEBUG main.MainWindow.main(MainWindow.java:62) 界面初始化开始
2017-05-14 16:12:51 [main] DEBUG main.MainWindow.main(MainWindow.java:64) 数据初始化开始
2017-05-14 16:12:53 [main] DEBUG main.MainWindow.main(MainWindow.java:66) 数据初始化完成
2017-05-14 16:12:53 [main] DEBUG main.MainWindow.main(MainWindow.java:79) 界面初始化完成
2017-05-14 16:18:17 [main] DEBUG main.MainWindow.main(MainWindow.java:62) 界面初始化开始
2017-05-14 16:18:17 [main] DEBUG main.MainWindow.main(MainWindow.java:64) 数据初始化开始
2017-05-14 16:18:18 [main] DEBUG main.MainWindow.main(MainWindow.java:66) 数据初始化完成
2017-05-14 16:18:18 [main] DEBUG main.MainWindow.main(MainWindow.java:79) 界面初始化完成
2017-05-14 16:19:33 [main] DEBUG main.MainWindow.main(MainWindow.java:62) 界面初始化开始
2017-05-14 16:19:33 [main] DEBUG main.MainWindow.main(MainWindow.java:64) 数据初始化开始
2017-05-14 16:19:34 [main] DEBUG main.MainWindow.main(MainWindow.java:66) 数据初始化完成
2017-05-14 16:19:34 [main] DEBUG main.MainWindow.main(MainWindow.java:79) 界面初始化完成
2017-05-14 16:25:30 [main] DEBUG main.MainWindow.main(MainWindow.java:62) 界面初始化开始
2017-05-14 16:25:30 [main] DEBUG main.MainWindow.main(MainWindow.java:64) 数据初始化开始
2017-05-14 16:25:31 [main] DEBUG main.MainWindow.main(MainWindow.java:66) 数据初始化完成
2017-05-14 16:25:31 [main] DEBUG main.MainWindow.main(MainWindow.java:79) 界面初始化完成
2017-05-14 16:36:51 [main] DEBUG main.MainWindow.main(MainWindow.java:62) 界面初始化开始
2017-05-14 16:36:51 [main] DEBUG main.MainWindow.main(MainWindow.java:64) 数据初始化开始
2017-05-14 16:36:53 [main] DEBUG main.MainWindow.main(MainWindow.java:66) 数据初始化完成
2017-05-14 16:36:53 [main] DEBUG main.MainWindow.main(MainWindow.java:79) 界面初始化完成
2017-05-14 18:30:56 [main] DEBUG main.MainWindow.main(MainWindow.java:62) 界面初始化开始
2017-05-14 18:30:56 [main] DEBUG main.MainWindow.main(MainWindow.java:64) 数据初始化开始
2017-05-14 18:30:58 [main] DEBUG main.MainWindow.main(MainWindow.java:66) 数据初始化完成
2017-05-14 18:30:58 [main] DEBUG main.MainWindow.main(MainWindow.java:79) 界面初始化完成
2017-05-14 18:32:23 [main] DEBUG main.MainWindow.main(MainWindow.java:62) 界面初始化开始
2017-05-14 18:32:23 [main] DEBUG main.MainWindow.main(MainWindow.java:64) 数据初始化开始
2017-05-14 18:32:25 [main] DEBUG main.MainWindow.main(MainWindow.java:66) 数据初始化完成
2017-05-14 18:32:25 [main] DEBUG main.MainWindow.main(MainWindow.java:79) 界面初始化完成
2017-05-14 18:32:58 [main] DEBUG main.MainWindow.main(MainWindow.java:62) 界面初始化开始
2017-05-14 18:32:58 [main] DEBUG main.MainWindow.main(MainWindow.java:64) 数据初始化开始
2017-05-14 18:33:00 [main] DEBUG main.MainWindow.main(MainWindow.java:66) 数据初始化完成
2017-05-14 18:33:00 [main] DEBUG main.MainWindow.main(MainWindow.java:79) 界面初始化完成
2017-05-14 18:33:28 [main] DEBUG main.MainWindow.main(MainWindow.java:62) 界面初始化开始
2017-05-14 18:33:28 [main] DEBUG main.MainWindow.main(MainWindow.java:64) 数据初始化开始
2017-05-14 18:33:30 [main] DEBUG main.MainWindow.main(MainWindow.java:66) 数据初始化完成
2017-05-14 18:33:30 [main] DEBUG main.MainWindow.main(MainWindow.java:79) 界面初始化完成
2017-05-14 18:35:05 [main] DEBUG main.MainWindow.main(MainWindow.java:62) 界面初始化开始
2017-05-14 18:35:05 [main] DEBUG main.MainWindow.main(MainWindow.java:64) 数据初始化开始
2017-05-14 18:35:06 [main] DEBUG main.MainWindow.main(MainWindow.java:66) 数据初始化完成
2017-05-14 18:35:06 [main] DEBUG main.MainWindow.main(MainWindow.java:79) 界面初始化完成
2017-05-14 18:35:07 [AWT-EventQueue-0] ERROR main.MainWindow$1.run(MainWindow.java:74) java.lang.ArrayIndexOutOfBoundsException: -1
2017-05-14 18:37:34 [main] DEBUG main.MainWindow.main(MainWindow.java:62) 界面初始化开始
2017-05-14 18:37:34 [main] DEBUG main.MainWindow.main(MainWindow.java:64) 数据初始化开始
2017-05-14 18:37:36 [main] DEBUG main.MainWindow.main(MainWindow.java:67) 数据初始化完成
2017-05-14 18:37:36 [main] DEBUG main.MainWindow.main(MainWindow.java:80) 界面初始化完成
2017-05-14 18:39:03 [main] DEBUG main.MainWindow.main(MainWindow.java:62) 界面初始化开始
2017-05-14 18:39:03 [main] DEBUG main.MainWindow.main(MainWindow.java:64) 数据初始化开始
2017-05-14 18:39:05 [main] DEBUG main.MainWindow.main(MainWindow.java:67) 数据初始化完成
2017-05-14 18:39:05 [main] DEBUG main.MainWindow.main(MainWindow.java:80) 界面初始化完成
2017-05-14 18:44:32 [main] DEBUG main.MainWindow.main(MainWindow.java:62) 界面初始化开始
2017-05-14 18:44:32 [main] DEBUG main.MainWindow.main(MainWindow.java:64) 数据初始化开始
2017-05-14 18:44:34 [main] DEBUG main.MainWindow.main(MainWindow.java:67) 数据初始化完成
2017-05-14 18:44:34 [main] DEBUG main.MainWindow.main(MainWindow.java:80) 界面初始化完成
2017-05-14 18:54:44 [main] DEBUG main.MainWindow.main(MainWindow.java:62) 界面初始化开始
2017-05-14 18:54:44 [main] DEBUG main.MainWindow.main(MainWindow.java:64) 数据初始化开始
2017-05-14 18:54:45 [main] DEBUG main.MainWindow.main(MainWindow.java:67) 数据初始化完成
2017-05-14 18:54:46 [main] DEBUG main.MainWindow.main(MainWindow.java:80) 界面初始化完成
2017-05-14 18:59:06 [main] DEBUG main.MainWindow.main(MainWindow.java:62) 界面初始化开始
2017-05-14 18:59:06 [main] DEBUG main.MainWindow.main(MainWindow.java:64) 数据初始化开始
2017-05-14 18:59:08 [main] DEBUG main.MainWindow.main(MainWindow.java:67) 数据初始化完成
2017-05-14 18:59:08 [main] DEBUG main.MainWindow.main(MainWindow.java:80) 界面初始化完成
2017-05-14 19:01:36 [main] DEBUG main.MainWindow.main(MainWindow.java:62) 界面初始化开始
2017-05-14 19:01:36 [main] DEBUG main.MainWindow.main(MainWindow.java:64) 数据初始化开始
2017-05-14 19:01:37 [main] DEBUG main.MainWindow.main(MainWindow.java:67) 数据初始化完成
2017-05-14 19:01:37 [main] DEBUG main.MainWindow.main(MainWindow.java:80) 界面初始化完成
2017-05-14 19:14:23 [main] DEBUG main.MainWindow.main(MainWindow.java:62) 界面初始化开始
2017-05-14 19:14:23 [main] DEBUG main.MainWindow.main(MainWindow.java:64) 数据初始化开始
2017-05-14 19:14:25 [main] DEBUG main.MainWindow.main(MainWindow.java:67) 数据初始化完成
2017-05-14 19:14:25 [main] DEBUG main.MainWindow.main(MainWindow.java:80) 界面初始化完成
2017-05-14 19:18:13 [main] DEBUG main.MainWindow.main(MainWindow.java:62) 界面初始化开始
2017-05-14 19:18:13 [main] DEBUG main.MainWindow.main(MainWindow.java:64) 数据初始化开始
2017-05-14 19:18:15 [main] DEBUG main.MainWindow.main(MainWindow.java:67) 数据初始化完成
2017-05-14 19:18:15 [main] DEBUG main.MainWindow.main(MainWindow.java:80) 界面初始化完成
2017-05-14 19:59:55 [main] DEBUG main.MainWindow.main(MainWindow.java:62) 界面初始化开始
2017-05-14 19:59:55 [main] DEBUG main.MainWindow.main(MainWindow.java:64) 数据初始化开始
2017-05-14 19:59:57 [main] DEBUG main.MainWindow.main(MainWindow.java:67) 数据初始化完成
2017-05-14 19:59:57 [main] DEBUG main.MainWindow.main(MainWindow.java:80) 界面初始化完成
2017-05-15 00:32:11 [main] DEBUG main.MainWindow.main(MainWindow.java:62) 界面初始化开始
2017-05-15 00:32:11 [main] DEBUG main.MainWindow.main(MainWindow.java:64) 数据初始化开始
2017-05-15 00:32:12 [main] DEBUG main.MainWindow.main(MainWindow.java:67) 数据初始化完成
2017-05-15 00:32:13 [main] DEBUG main.MainWindow.main(MainWindow.java:80) 界面初始化完成
2017-05-15 00:39:29 [main] DEBUG main.MainWindow.main(MainWindow.java:62) 界面初始化开始
2017-05-15 00:39:29 [main] DEBUG main.MainWindow.main(MainWindow.java:64) 数据初始化开始
2017-05-15 00:39:30 [main] DEBUG main.MainWindow.main(MainWindow.java:67) 数据初始化完成
2017-05-15 00:39:31 [main] DEBUG main.MainWindow.main(MainWindow.java:80) 界面初始化完成
2017-05-15 00:46:44 [main] DEBUG main.MainWindow.main(MainWindow.java:62) 界面初始化开始
2017-05-15 00:46:44 [main] DEBUG main.MainWindow.main(MainWindow.java:64) 数据初始化开始
2017-05-15 00:46:46 [main] DEBUG main.MainWindow.main(MainWindow.java:67) 数据初始化完成
2017-05-15 00:46:46 [main] DEBUG main.MainWindow.main(MainWindow.java:80) 界面初始化完成
2017-05-15 00:51:29 [main] DEBUG main.MainWindow.main(MainWindow.java:62) 界面初始化开始
2017-05-15 00:51:29 [main] DEBUG main.MainWindow.main(MainWindow.java:64) 数据初始化开始
2017-05-15 00:51:30 [main] DEBUG main.MainWindow.main(MainWindow.java:67) 数据初始化完成
2017-05-15 00:51:30 [main] DEBUG main.MainWindow.main(MainWindow.java:80) 界面初始化完成
2017-05-15 01:09:52 [main] DEBUG main.MainWindow.main(MainWindow.java:62) 界面初始化开始
2017-05-15 01:09:52 [main] DEBUG main.MainWindow.main(MainWindow.java:64) 数据初始化开始
2017-05-15 01:12:03 [main] DEBUG main.MainWindow.main(MainWindow.java:62) 界面初始化开始
2017-05-15 01:12:03 [main] DEBUG main.MainWindow.main(MainWindow.java:64) 数据初始化开始
2017-05-15 01:12:44 [main] DEBUG main.MainWindow.main(MainWindow.java:62) 界面初始化开始
2017-05-15 01:12:44 [main] DEBUG main.MainWindow.main(MainWindow.java:64) 数据初始化开始
2017-05-15 01:15:44 [main] DEBUG main.MainWindow.main(MainWindow.java:62) 界面初始化开始
2017-05-15 01:15:44 [main] DEBUG main.MainWindow.main(MainWindow.java:64) 数据初始化开始
2017-05-15 01:15:58 [main] DEBUG main.MainWindow.main(MainWindow.java:62) 界面初始化开始
2017-05-15 01:15:58 [main] DEBUG main.MainWindow.main(MainWindow.java:64) 数据初始化开始
2017-05-15 01:16:50 [main] DEBUG main.MainWindow.main(MainWindow.java:62) 界面初始化开始
2017-05-15 01:16:50 [main] DEBUG main.MainWindow.main(MainWindow.java:64) 数据初始化开始
2017-05-15 01:18:04 [main] DEBUG main.MainWindow.main(MainWindow.java:62) 界面初始化开始
2017-05-15 01:18:04 [main] DEBUG main.MainWindow.main(MainWindow.java:64) 数据初始化开始
2017-05-15 01:18:39 [main] DEBUG main.MainWindow.main(MainWindow.java:62) 界面初始化开始
2017-05-15 01:18:39 [main] DEBUG main.MainWindow.main(MainWindow.java:64) 数据初始化开始
2017-05-15 01:19:14 [main] DEBUG main.MainWindow.main(MainWindow.java:62) 界面初始化开始
2017-05-15 01:19:14 [main] DEBUG main.MainWindow.main(MainWindow.java:64) 数据初始化开始
2017-05-15 01:21:43 [main] DEBUG main.MainWindow.main(MainWindow.java:62) 界面初始化开始
2017-05-15 01:21:43 [main] DEBUG main.MainWindow.main(MainWindow.java:64) 数据初始化开始
2017-05-15 01:23:59 [main] DEBUG main.MainWindow.main(MainWindow.java:62) 界面初始化开始
2017-05-15 01:23:59 [main] DEBUG main.MainWindow.main(MainWindow.java:64) 数据初始化开始
2017-05-15 01:24:17 [main] DEBUG main.MainWindow.main(MainWindow.java:62) 界面初始化开始
2017-05-15 01:24:17 [main] DEBUG main.MainWindow.main(MainWindow.java:64) 数据初始化开始
2017-05-15 01:25:38 [main] DEBUG main.MainWindow.main(MainWindow.java:62) 界面初始化开始
2017-05-15 01:25:38 [main] DEBUG main.MainWindow.main(MainWindow.java:64) 数据初始化开始
2017-05-15 01:29:10 [main] DEBUG main.MainWindow.main(MainWindow.java:62) 界面初始化开始
2017-05-15 01:29:10 [main] DEBUG main.MainWindow.main(MainWindow.java:64) 数据初始化开始
2017-05-15 01:29:10 [main] DEBUG main.MainWindow.main(MainWindow.java:67) 数据初始化完成
2017-05-15 01:29:10 [main] DEBUG main.MainWindow.main(MainWindow.java:80) 界面初始化完成
2017-05-15 01:31:05 [main] DEBUG main.MainWindow.main(MainWindow.java:62) 界面初始化开始
2017-05-15 01:31:05 [main] DEBUG main.MainWindow.main(MainWindow.java:64) 数据初始化开始
2017-05-15 01:31:06 [main] DEBUG main.MainWindow.main(MainWindow.java:67) 数据初始化完成
2017-05-15 01:31:06 [main] DEBUG main.MainWindow.main(MainWindow.java:80) 界面初始化完成
2017-05-15 01:32:05 [main] DEBUG main.MainWindow.main(MainWindow.java:62) 界面初始化开始
2017-05-15 01:32:05 [main] DEBUG main.MainWindow.main(MainWindow.java:64) 数据初始化开始
2017-05-15 01:34:18 [main] DEBUG main.MainWindow.main(MainWindow.java:62) 界面初始化开始
2017-05-15 01:34:18 [main] DEBUG main.MainWindow.main(MainWindow.java:64) 数据初始化开始
2017-05-15 10:38:48 [main] DEBUG main.MainWindow.main(MainWindow.java:62) 界面初始化开始
2017-05-15 10:38:48 [main] DEBUG main.MainWindow.main(MainWindow.java:64) 数据初始化开始
2017-05-15 10:38:49 [main] DEBUG main.MainWindow.main(MainWindow.java:67) 数据初始化完成
2017-05-15 10:38:49 [main] DEBUG main.MainWindow.main(MainWindow.java:80) 界面初始化完成
2017-05-15 10:54:36 [main] DEBUG main.MainWindow.main(MainWindow.java:62) 界面初始化开始
2017-05-15 10:54:36 [main] DEBUG main.MainWindow.main(MainWindow.java:64) 数据初始化开始
2017-05-15 10:54:38 [main] DEBUG main.MainWindow.main(MainWindow.java:67) 数据初始化完成
2017-05-15 10:54:38 [main] DEBUG main.MainWindow.main(MainWindow.java:80) 界面初始化完成
2017-05-15 12:11:50 [main] DEBUG main.MainWindow.main(MainWindow.java:63) 界面初始化开始
2017-05-15 12:11:50 [main] DEBUG main.MainWindow.main(MainWindow.java:65) 数据初始化开始
2017-05-15 12:11:52 [main] DEBUG main.MainWindow.main(MainWindow.java:69) 数据初始化完成
2017-05-15 12:11:52 [main] DEBUG main.MainWindow.main(MainWindow.java:82) 界面初始化完成
2017-05-15 12:15:50 [main] DEBUG main.MainWindow.main(MainWindow.java:63) 界面初始化开始
2017-05-15 12:15:50 [main] DEBUG main.MainWindow.main(MainWindow.java:65) 数据初始化开始
2017-05-15 12:15:52 [main] DEBUG main.MainWindow.main(MainWindow.java:69) 数据初始化完成
2017-05-15 12:15:52 [main] DEBUG main.MainWindow.main(MainWindow.java:82) 界面初始化完成
2017-05-15 12:17:05 [main] DEBUG main.MainWindow.main(MainWindow.java:63) 界面初始化开始
2017-05-15 12:17:05 [main] DEBUG main.MainWindow.main(MainWindow.java:65) 数据初始化开始
2017-05-15 12:17:08 [main] DEBUG main.MainWindow.main(MainWindow.java:69) 数据初始化完成
2017-05-15 12:17:08 [main] DEBUG main.MainWindow.main(MainWindow.java:82) 界面初始化完成
2017-05-15 12:21:57 [main] DEBUG main.MainWindow.main(MainWindow.java:63) 界面初始化开始
2017-05-15 12:21:57 [main] DEBUG main.MainWindow.main(MainWindow.java:65) 数据初始化开始
2017-05-15 12:21:58 [main] DEBUG main.MainWindow.main(MainWindow.java:69) 数据初始化完成
2017-05-15 12:21:59 [main] DEBUG main.MainWindow.main(MainWindow.java:82) 界面初始化完成
2017-05-15 12:23:54 [main] DEBUG main.MainWindow.main(MainWindow.java:63) 界面初始化开始
2017-05-15 12:23:54 [main] DEBUG main.MainWindow.main(MainWindow.java:65) 数据初始化开始
2017-05-15 12:23:55 [main] DEBUG main.MainWindow.main(MainWindow.java:69) 数据初始化完成
2017-05-15 12:23:56 [main] DEBUG main.MainWindow.main(MainWindow.java:82) 界面初始化完成
2017-05-15 12:25:52 [main] DEBUG main.MainWindow.main(MainWindow.java:63) 界面初始化开始
2017-05-15 12:25:52 [main] DEBUG main.MainWindow.main(MainWindow.java:65) 数据初始化开始
2017-05-15 12:25:55 [main] DEBUG main.MainWindow.main(MainWindow.java:69) 数据初始化完成
2017-05-15 12:25:55 [main] DEBUG main.MainWindow.main(MainWindow.java:82) 界面初始化完成
2017-05-15 12:27:18 [main] DEBUG main.MainWindow.main(MainWindow.java:63) 界面初始化开始
2017-05-15 12:27:18 [main] DEBUG main.MainWindow.main(MainWindow.java:65) 数据初始化开始
2017-05-15 12:27:19 [main] DEBUG main.MainWindow.main(MainWindow.java:69) 数据初始化完成
2017-05-15 12:27:19 [main] DEBUG main.MainWindow.main(MainWindow.java:82) 界面初始化完成
2017-05-15 12:28:12 [main] DEBUG main.MainWindow.main(MainWindow.java:63) 界面初始化开始
2017-05-15 12:28:12 [main] DEBUG main.MainWindow.main(MainWindow.java:65) 数据初始化开始
2017-05-15 12:28:15 [main] DEBUG main.MainWindow.main(MainWindow.java:69) 数据初始化完成
2017-05-15 12:28:15 [main] DEBUG main.MainWindow.main(MainWindow.java:82) 界面初始化完成
2017-05-15 12:28:49 [main] DEBUG main.MainWindow.main(MainWindow.java:63) 界面初始化开始
2017-05-15 12:28:49 [main] DEBUG main.MainWindow.main(MainWindow.java:65) 数据初始化开始
2017-05-15 12:28:51 [main] DEBUG main.MainWindow.main(MainWindow.java:69) 数据初始化完成
2017-05-15 12:28:51 [main] DEBUG main.MainWindow.main(MainWindow.java:82) 界面初始化完成
2017-05-15 12:31:39 [main] DEBUG main.MainWindow.main(MainWindow.java:63) 界面初始化开始
2017-05-15 12:31:39 [main] DEBUG main.MainWindow.main(MainWindow.java:65) 数据初始化开始
2017-05-15 12:31:41 [main] DEBUG main.MainWindow.main(MainWindow.java:69) 数据初始化完成
2017-05-15 12:31:41 [main] DEBUG main.MainWindow.main(MainWindow.java:82) 界面初始化完成
2017-05-15 12:35:42 [main] DEBUG main.MainWindow.main(MainWindow.java:63) 界面初始化开始
2017-05-15 12:35:42 [main] DEBUG main.MainWindow.main(MainWindow.java:65) 数据初始化开始
2017-05-15 12:35:44 [main] DEBUG main.MainWindow.main(MainWindow.java:69) 数据初始化完成
2017-05-15 12:35:44 [main] DEBUG main.MainWindow.main(MainWindow.java:82) 界面初始化完成
2017-05-15 12:39:05 [main] DEBUG main.MainWindow.main(MainWindow.java:63) 界面初始化开始
2017-05-15 12:39:05 [main] DEBUG main.MainWindow.main(MainWindow.java:65) 数据初始化开始
2017-05-15 12:39:07 [main] DEBUG main.MainWindow.main(MainWindow.java:69) 数据初始化完成
2017-05-15 12:39:08 [main] DEBUG main.MainWindow.main(MainWindow.java:82) 界面初始化完成
2017-05-15 12:42:21 [main] DEBUG main.MainWindow.main(MainWindow.java:63) 界面初始化开始
2017-05-15 12:42:21 [main] DEBUG main.MainWindow.main(MainWindow.java:65) 数据初始化开始
2017-05-15 12:42:23 [main] DEBUG main.MainWindow.main(MainWindow.java:69) 数据初始化完成
2017-05-15 12:42:23 [main] DEBUG main.MainWindow.main(MainWindow.java:82) 界面初始化完成
2017-05-15 12:44:29 [main] DEBUG main.MainWindow.main(MainWindow.java:63) 界面初始化开始
2017-05-15 12:44:29 [main] DEBUG main.MainWindow.main(MainWindow.java:65) 数据初始化开始
2017-05-15 12:44:31 [main] DEBUG main.MainWindow.main(MainWindow.java:69) 数据初始化完成
2017-05-15 12:44:31 [main] DEBUG main.MainWindow.main(MainWindow.java:82) 界面初始化完成
2017-05-15 12:45:27 [main] DEBUG main.MainWindow.main(MainWindow.java:63) 界面初始化开始
2017-05-15 12:45:27 [main] DEBUG main.MainWindow.main(MainWindow.java:65) 数据初始化开始
2017-05-15 12:45:29 [main] DEBUG main.MainWindow.main(MainWindow.java:69) 数据初始化完成
2017-05-15 12:45:29 [main] DEBUG main.MainWindow.main(MainWindow.java:82) 界面初始化完成
2017-05-15 12:49:29 [main] DEBUG main.MainWindow.main(MainWindow.java:63) 界面初始化开始
2017-05-15 12:49:29 [main] DEBUG main.MainWindow.main(MainWindow.java:65) 数据初始化开始
2017-05-15 12:49:31 [main] DEBUG main.MainWindow.main(MainWindow.java:69) 数据初始化完成
2017-05-15 12:49:31 [main] DEBUG main.MainWindow.main(MainWindow.java:82) 界面初始化完成
2017-05-15 12:51:56 [main] DEBUG main.MainWindow.main(MainWindow.java:63) 界面初始化开始
2017-05-15 12:51:56 [main] DEBUG main.MainWindow.main(MainWindow.java:65) 数据初始化开始
2017-05-15 12:52:13 [main] DEBUG main.MainWindow.main(MainWindow.java:69) 数据初始化完成
2017-05-15 12:52:13 [main] DEBUG main.MainWindow.main(MainWindow.java:82) 界面初始化完成
2017-05-15 12:52:59 [main] DEBUG main.MainWindow.main(MainWindow.java:63) 界面初始化开始
2017-05-15 12:52:59 [main] DEBUG main.MainWindow.main(MainWindow.java:65) 数据初始化开始
2017-05-15 12:53:01 [main] DEBUG main.MainWindow.main(MainWindow.java:69) 数据初始化完成
2017-05-15 12:53:01 [main] DEBUG main.MainWindow.main(MainWindow.java:82) 界面初始化完成
2017-05-15 12:57:28 [main] DEBUG main.MainWindow.main(MainWindow.java:63) 界面初始化开始
2017-05-15 12:57:28 [main] DEBUG main.MainWindow.main(MainWindow.java:65) 数据初始化开始
2017-05-15 12:57:30 [main] DEBUG main.MainWindow.main(MainWindow.java:69) 数据初始化完成
2017-05-15 12:57:31 [main] DEBUG main.MainWindow.main(MainWindow.java:82) 界面初始化完成
2017-05-15 12:59:25 [main] DEBUG main.MainWindow.main(MainWindow.java:63) 界面初始化开始
2017-05-15 12:59:25 [main] DEBUG main.MainWindow.main(MainWindow.java:65) 数据初始化开始
2017-05-15 12:59:28 [main] DEBUG main.MainWindow.main(MainWindow.java:69) 数据初始化完成
2017-05-15 12:59:28 [main] DEBUG main.MainWindow.main(MainWindow.java:82) 界面初始化完成
2017-05-15 13:01:03 [main] DEBUG main.MainWindow.main(MainWindow.java:63) 界面初始化开始
2017-05-15 13:01:03 [main] DEBUG main.MainWindow.main(MainWindow.java:65) 数据初始化开始
2017-05-15 13:01:05 [main] DEBUG main.MainWindow.main(MainWindow.java:69) 数据初始化完成
2017-05-15 13:01:05 [main] DEBUG main.MainWindow.main(MainWindow.java:82) 界面初始化完成
2017-05-15 13:01:31 [main] DEBUG main.MainWindow.main(MainWindow.java:63) 界面初始化开始
2017-05-15 13:01:31 [main] DEBUG main.MainWindow.main(MainWindow.java:65) 数据初始化开始
2017-05-15 13:02:34 [main] DEBUG main.MainWindow.main(MainWindow.java:63) 界面初始化开始
2017-05-15 13:02:34 [main] DEBUG main.MainWindow.main(MainWindow.java:65) 数据初始化开始
2017-05-15 13:05:25 [main] DEBUG main.MainWindow.main(MainWindow.java:63) 界面初始化开始
2017-05-15 13:05:25 [main] DEBUG main.MainWindow.main(MainWindow.java:65) 数据初始化开始
2017-05-15 13:05:27 [main] DEBUG main.MainWindow.main(MainWindow.java:69) 数据初始化完成
2017-05-15 13:05:27 [main] DEBUG main.MainWindow.main(MainWindow.java:82) 界面初始化完成
2017-05-15 13:05:53 [main] DEBUG main.MainWindow.main(MainWindow.java:63) 界面初始化开始
2017-05-15 13:05:53 [main] DEBUG main.MainWindow.main(MainWindow.java:65) 数据初始化开始
2017-05-15 13:05:56 [main] DEBUG main.MainWindow.main(MainWindow.java:69) 数据初始化完成
2017-05-15 13:05:56 [main] DEBUG main.MainWindow.main(MainWindow.java:82) 界面初始化完成
2017-05-15 13:15:41 [main] DEBUG main.MainWindow.main(MainWindow.java:63) 界面初始化开始
2017-05-15 13:15:41 [main] DEBUG main.MainWindow.main(MainWindow.java:65) 数据初始化开始
2017-05-15 13:15:43 [main] DEBUG main.MainWindow.main(MainWindow.java:69) 数据初始化完成
2017-05-15 13:15:44 [main] DEBUG main.MainWindow.main(MainWindow.java:82) 界面初始化完成
2017-05-15 13:16:18 [main] DEBUG main.MainWindow.main(MainWindow.java:63) 界面初始化开始
2017-05-15 13:16:18 [main] DEBUG main.MainWindow.main(MainWindow.java:65) 数据初始化开始
2017-05-15 13:16:20 [main] DEBUG main.MainWindow.main(MainWindow.java:69) 数据初始化完成
2017-05-15 13:16:20 [main] DEBUG main.MainWindow.main(MainWindow.java:82) 界面初始化完成
2017-05-15 13:18:10 [main] DEBUG main.MainWindow.main(MainWindow.java:63) 界面初始化开始
2017-05-15 13:18:10 [main] DEBUG main.MainWindow.main(MainWindow.java:65) 数据初始化开始
2017-05-15 13:18:12 [main] DEBUG main.MainWindow.main(MainWindow.java:69) 数据初始化完成
2017-05-15 13:18:12 [main] DEBUG main.MainWindow.main(MainWindow.java:82) 界面初始化完成
2017-05-15 13:20:48 [main] DEBUG main.MainWindow.main(MainWindow.java:63) 界面初始化开始
2017-05-15 13:20:48 [main] DEBUG main.MainWindow.main(MainWindow.java:65) 数据初始化开始
2017-05-15 13:20:50 [main] DEBUG main.MainWindow.main(MainWindow.java:69) 数据初始化完成
2017-05-15 13:20:50 [main] DEBUG main.MainWindow.main(MainWindow.java:82) 界面初始化完成
2017-05-15 18:11:43 [main] DEBUG main.MainWindow.main(MainWindow.java:64) 界面初始化开始
2017-05-15 18:11:44 [main] DEBUG main.MainWindow.main(MainWindow.java:66) 数据初始化开始
2017-05-15 18:11:46 [main] DEBUG main.MainWindow.main(MainWindow.java:70) 数据初始化完成
2017-05-15 18:11:46 [main] DEBUG main.MainWindow.main(MainWindow.java:83) 界面初始化完成
2017-05-15 18:14:25 [main] DEBUG main.MainWindow.main(MainWindow.java:64) 界面初始化开始
2017-05-15 18:14:25 [main] DEBUG main.MainWindow.main(MainWindow.java:66) 数据初始化开始
2017-05-15 18:14:27 [main] DEBUG main.MainWindow.main(MainWindow.java:70) 数据初始化完成
2017-05-15 18:14:27 [main] DEBUG main.MainWindow.main(MainWindow.java:83) 界面初始化完成
2017-05-15 18:20:15 [main] DEBUG main.MainWindow.main(MainWindow.java:64) 界面初始化开始
2017-05-15 18:20:15 [main] DEBUG main.MainWindow.main(MainWindow.java:66) 数据初始化开始
2017-05-15 18:20:16 [main] DEBUG main.MainWindow.main(MainWindow.java:70) 数据初始化完成
2017-05-15 18:20:16 [main] DEBUG main.MainWindow.main(MainWindow.java:83) 界面初始化完成
2017-05-15 18:22:51 [main] DEBUG main.MainWindow.main(MainWindow.java:64) 界面初始化开始
2017-05-15 18:22:51 [main] DEBUG main.MainWindow.main(MainWindow.java:66) 数据初始化开始
2017-05-15 18:22:52 [main] DEBUG main.MainWindow.main(MainWindow.java:70) 数据初始化完成
2017-05-15 18:22:52 [main] DEBUG main.MainWindow.main(MainWindow.java:83) 界面初始化完成
2017-05-15 18:27:07 [main] DEBUG main.MainWindow.main(MainWindow.java:65) 界面初始化开始
2017-05-15 18:27:07 [main] DEBUG main.MainWindow.main(MainWindow.java:67) 数据初始化开始
2017-05-15 18:27:09 [main] DEBUG main.MainWindow.main(MainWindow.java:71) 数据初始化完成
2017-05-15 18:27:09 [main] DEBUG main.MainWindow.main(MainWindow.java:84) 界面初始化完成
2017-05-15 18:31:53 [main] DEBUG main.MainWindow.main(MainWindow.java:65) 界面初始化开始
2017-05-15 18:31:53 [main] DEBUG main.MainWindow.main(MainWindow.java:67) 数据初始化开始
2017-05-15 18:31:54 [main] DEBUG main.MainWindow.main(MainWindow.java:71) 数据初始化完成
2017-05-15 18:31:55 [main] DEBUG main.MainWindow.main(MainWindow.java:84) 界面初始化完成
2017-05-15 18:32:49 [main] DEBUG main.MainWindow.main(MainWindow.java:65) 界面初始化开始
2017-05-15 18:32:49 [main] DEBUG main.MainWindow.main(MainWindow.java:67) 数据初始化开始
2017-05-15 18:32:51 [main] DEBUG main.MainWindow.main(MainWindow.java:71) 数据初始化完成
2017-05-15 18:32:51 [main] DEBUG main.MainWindow.main(MainWindow.java:84) 界面初始化完成
2017-05-15 18:33:58 [main] DEBUG main.MainWindow.main(MainWindow.java:65) 界面初始化开始
2017-05-15 18:33:58 [main] DEBUG main.MainWindow.main(MainWindow.java:67) 数据初始化开始
2017-05-15 18:33:59 [main] DEBUG main.MainWindow.main(MainWindow.java:71) 数据初始化完成
2017-05-15 18:33:59 [main] DEBUG main.MainWindow.main(MainWindow.java:84) 界面初始化完成
2017-05-15 18:39:42 [main] DEBUG main.MainWindow.main(MainWindow.java:65) 界面初始化开始
2017-05-15 18:39:42 [main] DEBUG main.MainWindow.main(MainWindow.java:67) 数据初始化开始
2017-05-15 18:39:44 [main] DEBUG main.MainWindow.main(MainWindow.java:71) 数据初始化完成
2017-05-15 18:39:44 [main] DEBUG main.MainWindow.main(MainWindow.java:84) 界面初始化完成
2017-05-15 18:40:24 [main] DEBUG main.MainWindow.main(MainWindow.java:65) 界面初始化开始
2017-05-15 18:40:24 [main] DEBUG main.MainWindow.main(MainWindow.java:67) 数据初始化开始
2017-05-15 18:40:26 [main] DEBUG main.MainWindow.main(MainWindow.java:71) 数据初始化完成
2017-05-15 18:40:26 [main] DEBUG main.MainWindow.main(MainWindow.java:84) 界面初始化完成
2017-05-15 18:41:23 [main] DEBUG main.MainWindow.main(MainWindow.java:65) 界面初始化开始
2017-05-15 18:41:23 [main] DEBUG main.MainWindow.main(MainWindow.java:67) 数据初始化开始
2017-05-15 18:41:25 [main] DEBUG main.MainWindow.main(MainWindow.java:71) 数据初始化完成
2017-05-15 18:41:25 [main] DEBUG main.MainWindow.main(MainWindow.java:84) 界面初始化完成
2017-05-15 18:44:39 [main] DEBUG main.MainWindow.main(MainWindow.java:65) 界面初始化开始
2017-05-15 18:44:39 [main] DEBUG main.MainWindow.main(MainWindow.java:67) 数据初始化开始
2017-05-15 18:44:41 [main] DEBUG main.MainWindow.main(MainWindow.java:71) 数据初始化完成
2017-05-15 18:44:41 [main] DEBUG main.MainWindow.main(MainWindow.java:84) 界面初始化完成
2017-05-15 18:47:25 [main] DEBUG main.MainWindow.main(MainWindow.java:65) 界面初始化开始
2017-05-15 18:47:25 [main] DEBUG main.MainWindow.main(MainWindow.java:67) 数据初始化开始
2017-05-15 18:47:27 [main] DEBUG main.MainWindow.main(MainWindow.java:71) 数据初始化完成
2017-05-15 18:47:28 [main] DEBUG main.MainWindow.main(MainWindow.java:84) 界面初始化完成
2017-05-15 18:48:51 [main] DEBUG main.MainWindow.main(MainWindow.java:65) 界面初始化开始
2017-05-15 18:48:51 [main] DEBUG main.MainWindow.main(MainWindow.java:67) 数据初始化开始
2017-05-15 18:48:53 [main] DEBUG main.MainWindow.main(MainWindow.java:71) 数据初始化完成
2017-05-15 18:48:53 [main] DEBUG main.MainWindow.main(MainWindow.java:84) 界面初始化完成
2017-05-15 18:49:33 [main] DEBUG main.MainWindow.main(MainWindow.java:65) 界面初始化开始
2017-05-15 18:49:33 [main] DEBUG main.MainWindow.main(MainWindow.java:67) 数据初始化开始
2017-05-15 18:49:35 [main] DEBUG main.MainWindow.main(MainWindow.java:71) 数据初始化完成
2017-05-15 18:49:35 [main] DEBUG main.MainWindow.main(MainWindow.java:84) 界面初始化完成
2017-05-15 18:50:07 [main] DEBUG main.MainWindow.main(MainWindow.java:65) 界面初始化开始
2017-05-15 18:50:07 [main] DEBUG main.MainWindow.main(MainWindow.java:67) 数据初始化开始
2017-05-15 18:50:09 [main] DEBUG main.MainWindow.main(MainWindow.java:71) 数据初始化完成
2017-05-15 18:50:10 [main] DEBUG main.MainWindow.main(MainWindow.java:84) 界面初始化完成
2017-05-15 18:51:02 [main] DEBUG main.MainWindow.main(MainWindow.java:65) 界面初始化开始
2017-05-15 18:51:02 [main] DEBUG main.MainWindow.main(MainWindow.java:67) 数据初始化开始
2017-05-15 18:51:05 [main] DEBUG main.MainWindow.main(MainWindow.java:71) 数据初始化完成
2017-05-15 18:51:05 [main] DEBUG main.MainWindow.main(MainWindow.java:84) 界面初始化完成
2017-05-15 19:00:50 [main] DEBUG main.MainWindow.main(MainWindow.java:65) 界面初始化开始
2017-05-15 19:00:50 [main] DEBUG main.MainWindow.main(MainWindow.java:67) 数据初始化开始
2017-05-15 19:00:52 [main] DEBUG main.MainWindow.main(MainWindow.java:71) 数据初始化完成
2017-05-15 19:00:52 [main] DEBUG main.MainWindow.main(MainWindow.java:84) 界面初始化完成
2017-05-15 19:06:19 [main] DEBUG main.MainWindow.main(MainWindow.java:65) 界面初始化开始
2017-05-15 19:06:19 [main] DEBUG main.MainWindow.main(MainWindow.java:67) 数据初始化开始
2017-05-15 19:06:21 [main] DEBUG main.MainWindow.main(MainWindow.java:71) 数据初始化完成
2017-05-15 19:06:21 [main] DEBUG main.MainWindow.main(MainWindow.java:84) 界面初始化完成
2017-05-15 19:44:19 [main] DEBUG main.MainWindow.main(MainWindow.java:65) 界面初始化开始
2017-05-15 19:44:19 [main] DEBUG main.MainWindow.main(MainWindow.java:67) 数据初始化开始
2017-05-15 19:45:07 [main] DEBUG main.MainWindow.main(MainWindow.java:65) 界面初始化开始
2017-05-15 19:45:07 [main] DEBUG main.MainWindow.main(MainWindow.java:67) 数据初始化开始
2017-05-15 19:52:01 [main] DEBUG main.MainWindow.main(MainWindow.java:65) 界面初始化开始
2017-05-15 19:52:01 [main] DEBUG main.MainWindow.main(MainWindow.java:67) 数据初始化开始
2017-05-15 19:52:02 [main] DEBUG main.MainWindow.main(MainWindow.java:71) 数据初始化完成
2017-05-15 19:52:02 [main] DEBUG main.MainWindow.main(MainWindow.java:84) 界面初始化完成
2017-05-15 19:54:56 [main] DEBUG main.MainWindow.main(MainWindow.java:65) 界面初始化开始
2017-05-15 19:54:56 [main] DEBUG main.MainWindow.main(MainWindow.java:67) 数据初始化开始
2017-05-15 19:54:57 [main] DEBUG main.MainWindow.main(MainWindow.java:71) 数据初始化完成
2017-05-15 19:54:58 [main] DEBUG main.MainWindow.main(MainWindow.java:84) 界面初始化完成
2017-05-15 20:06:45 [main] DEBUG main.MainWindow.main(MainWindow.java:65) 界面初始化开始
2017-05-15 20:06:45 [main] DEBUG main.MainWindow.main(MainWindow.java:67) 数据初始化开始
2017-05-15 20:06:46 [main] DEBUG main.MainWindow.main(MainWindow.java:71) 数据初始化完成
2017-05-15 20:06:46 [main] DEBUG main.MainWindow.main(MainWindow.java:84) 界面初始化完成
2017-05-15 21:00:48 [main] DEBUG main.MainWindow.main(MainWindow.java:66) 界面初始化开始
2017-05-15 21:00:48 [main] DEBUG main.MainWindow.main(MainWindow.java:68) 数据初始化开始
2017-05-15 21:00:49 [main] DEBUG main.MainWindow.main(MainWindow.java:72) 数据初始化完成
2017-05-15 21:00:49 [main] DEBUG main.MainWindow.main(MainWindow.java:85) 界面初始化完成
2017-05-15 21:01:05 [main] DEBUG main.MainWindow.main(MainWindow.java:66) 界面初始化开始
2017-05-15 21:01:05 [main] DEBUG main.MainWindow.main(MainWindow.java:68) 数据初始化开始
2017-05-15 21:01:07 [main] DEBUG main.MainWindow.main(MainWindow.java:72) 数据初始化完成
2017-05-15 21:01:07 [main] DEBUG main.MainWindow.main(MainWindow.java:85) 界面初始化完成
2017-05-15 21:02:02 [main] DEBUG main.MainWindow.main(MainWindow.java:66) 界面初始化开始
2017-05-15 21:02:02 [main] DEBUG main.MainWindow.main(MainWindow.java:68) 数据初始化开始
2017-05-15 21:02:03 [main] DEBUG main.MainWindow.main(MainWindow.java:72) 数据初始化完成
2017-05-15 21:02:03 [main] DEBUG main.MainWindow.main(MainWindow.java:85) 界面初始化完成
2017-05-15 21:09:34 [main] DEBUG main.MainWindow.main(MainWindow.java:66) 界面初始化开始
2017-05-15 21:09:34 [main] DEBUG main.MainWindow.main(MainWindow.java:68) 数据初始化开始
2017-05-15 21:09:36 [main] DEBUG main.MainWindow.main(MainWindow.java:72) 数据初始化完成
2017-05-15 21:09:36 [main] DEBUG main.MainWindow.main(MainWindow.java:85) 界面初始化完成
2017-05-15 21:12:09 [main] DEBUG main.MainWindow.main(MainWindow.java:66) 界面初始化开始
2017-05-15 21:12:09 [main] DEBUG main.MainWindow.main(MainWindow.java:68) 数据初始化开始
2017-05-15 21:12:11 [main] DEBUG main.MainWindow.main(MainWindow.java:72) 数据初始化完成
2017-05-15 21:12:11 [main] DEBUG main.MainWindow.main(MainWindow.java:85) 界面初始化完成
2017-05-15 21:12:51 [main] DEBUG main.MainWindow.main(MainWindow.java:66) 界面初始化开始
2017-05-15 21:12:51 [main] DEBUG main.MainWindow.main(MainWindow.java:68) 数据初始化开始
2017-05-15 21:12:53 [main] DEBUG main.MainWindow.main(MainWindow.java:72) 数据初始化完成
2017-05-15 21:12:53 [main] DEBUG main.MainWindow.main(MainWindow.java:85) 界面初始化完成
2017-05-15 21:25:34 [main] DEBUG main.MainWindow.main(MainWindow.java:66) 界面初始化开始
2017-05-15 21:25:34 [main] DEBUG main.MainWindow.main(MainWindow.java:68) 数据初始化开始
2017-05-15 21:25:37 [main] DEBUG main.MainWindow.main(MainWindow.java:72) 数据初始化完成
2017-05-15 21:25:37 [main] DEBUG main.MainWindow.main(MainWindow.java:85) 界面初始化完成
2017-05-15 21:26:01 [main] DEBUG main.MainWindow.main(MainWindow.java:66) 界面初始化开始
2017-05-15 21:26:01 [main] DEBUG main.MainWindow.main(MainWindow.java:68) 数据初始化开始
2017-05-15 21:26:02 [main] DEBUG main.MainWindow.main(MainWindow.java:72) 数据初始化完成
2017-05-15 21:26:03 [main] DEBUG main.MainWindow.main(MainWindow.java:85) 界面初始化完成
2017-05-15 21:28:00 [main] DEBUG main.MainWindow.main(MainWindow.java:66) 界面初始化开始
2017-05-15 21:28:00 [main] DEBUG main.MainWindow.main(MainWindow.java:68) 数据初始化开始
2017-05-15 21:28:01 [main] DEBUG main.MainWindow.main(MainWindow.java:72) 数据初始化完成
2017-05-15 21:28:02 [main] DEBUG main.MainWindow.main(MainWindow.java:85) 界面初始化完成
2017-05-15 21:29:23 [main] DEBUG main.MainWindow.main(MainWindow.java:66) 界面初始化开始
2017-05-15 21:29:23 [main] DEBUG main.MainWindow.main(MainWindow.java:68) 数据初始化开始
2017-05-15 21:29:25 [main] DEBUG main.MainWindow.main(MainWindow.java:72) 数据初始化完成
2017-05-15 21:29:25 [main] DEBUG main.MainWindow.main(MainWindow.java:85) 界面初始化完成
2017-05-15 21:35:31 [main] DEBUG main.MainWindow.main(MainWindow.java:66) 界面初始化开始
2017-05-15 21:35:31 [main] DEBUG main.MainWindow.main(MainWindow.java:68) 数据初始化开始
2017-05-15 21:35:33 [main] DEBUG main.MainWindow.main(MainWindow.java:72) 数据初始化完成
2017-05-15 21:35:33 [main] DEBUG main.MainWindow.main(MainWindow.java:85) 界面初始化完成
2017-05-15 21:50:31 [main] DEBUG main.MainWindow.main(MainWindow.java:66) 界面初始化开始
2017-05-15 21:50:31 [main] DEBUG main.MainWindow.main(MainWindow.java:68) 数据初始化开始
2017-05-15 21:50:32 [main] DEBUG main.MainWindow.main(MainWindow.java:72) 数据初始化完成
2017-05-15 21:50:33 [main] DEBUG main.MainWindow.main(MainWindow.java:85) 界面初始化完成
2017-05-15 21:52:00 [main] DEBUG main.MainWindow.main(MainWindow.java:66) 界面初始化开始
2017-05-15 21:52:00 [main] DEBUG main.MainWindow.main(MainWindow.java:68) 数据初始化开始
2017-05-15 21:52:02 [main] DEBUG main.MainWindow.main(MainWindow.java:72) 数据初始化完成
2017-05-15 21:52:02 [main] DEBUG main.MainWindow.main(MainWindow.java:85) 界面初始化完成
2017-05-15 21:53:56 [main] DEBUG main.MainWindow.main(MainWindow.java:66) 界面初始化开始
2017-05-15 21:53:56 [main] DEBUG main.MainWindow.main(MainWindow.java:68) 数据初始化开始
2017-05-15 21:53:58 [main] DEBUG main.MainWindow.main(MainWindow.java:72) 数据初始化完成
2017-05-15 21:53:58 [main] DEBUG main.MainWindow.main(MainWindow.java:85) 界面初始化完成
2017-05-15 21:55:12 [main] DEBUG main.MainWindow.main(MainWindow.java:66) 界面初始化开始
2017-05-15 21:55:12 [main] DEBUG main.MainWindow.main(MainWindow.java:68) 数据初始化开始
2017-05-15 21:55:14 [main] DEBUG main.MainWindow.main(MainWindow.java:72) 数据初始化完成
2017-05-15 21:55:14 [main] DEBUG main.MainWindow.main(MainWindow.java:85) 界面初始化完成
2017-05-15 21:55:39 [main] DEBUG main.MainWindow.main(MainWindow.java:66) 界面初始化开始
2017-05-15 21:55:39 [main] DEBUG main.MainWindow.main(MainWindow.java:68) 数据初始化开始
2017-05-15 21:55:41 [main] DEBUG main.MainWindow.main(MainWindow.java:72) 数据初始化完成
2017-05-15 21:55:41 [main] DEBUG main.MainWindow.main(MainWindow.java:85) 界面初始化完成
2017-05-15 21:56:11 [main] DEBUG main.MainWindow.main(MainWindow.java:66) 界面初始化开始
2017-05-15 21:56:11 [main] DEBUG main.MainWindow.main(MainWindow.java:68) 数据初始化开始
2017-05-15 21:56:13 [main] DEBUG main.MainWindow.main(MainWindow.java:72) 数据初始化完成
2017-05-15 21:56:13 [main] DEBUG main.MainWindow.main(MainWindow.java:85) 界面初始化完成
2017-05-15 21:57:22 [main] DEBUG main.MainWindow.main(MainWindow.java:66) 界面初始化开始
2017-05-15 21:57:22 [main] DEBUG main.MainWindow.main(MainWindow.java:68) 数据初始化开始
2017-05-15 21:57:24 [main] DEBUG main.MainWindow.main(MainWindow.java:72) 数据初始化完成
2017-05-15 21:57:24 [main] DEBUG main.MainWindow.main(MainWindow.java:85) 界面初始化完成
2017-05-15 22:03:36 [main] DEBUG main.MainWindow.main(MainWindow.java:66) 界面初始化开始
2017-05-15 22:03:36 [main] DEBUG main.MainWindow.main(MainWindow.java:68) 数据初始化开始
2017-05-15 22:03:38 [main] DEBUG main.MainWindow.main(MainWindow.java:72) 数据初始化完成
2017-05-15 22:03:38 [main] DEBUG main.MainWindow.main(MainWindow.java:85) 界面初始化完成
2017-05-15 22:04:09 [main] DEBUG main.MainWindow.main(MainWindow.java:66) 界面初始化开始
2017-05-15 22:04:09 [main] DEBUG main.MainWindow.main(MainWindow.java:68) 数据初始化开始
2017-05-15 22:04:11 [main] DEBUG main.MainWindow.main(MainWindow.java:72) 数据初始化完成
2017-05-15 22:04:11 [main] DEBUG main.MainWindow.main(MainWindow.java:85) 界面初始化完成
2017-05-15 22:05:45 [main] DEBUG main.MainWindow.main(MainWindow.java:66) 界面初始化开始
2017-05-15 22:05:45 [main] DEBUG main.MainWindow.main(MainWindow.java:68) 数据初始化开始
2017-05-15 22:05:47 [main] DEBUG main.MainWindow.main(MainWindow.java:72) 数据初始化完成
2017-05-15 22:05:47 [main] DEBUG main.MainWindow.main(MainWindow.java:85) 界面初始化完成
2017-05-15 22:13:40 [main] DEBUG main.MainWindow.main(MainWindow.java:66) 界面初始化开始
2017-05-15 22:13:40 [main] DEBUG main.MainWindow.main(MainWindow.java:68) 数据初始化开始
2017-05-15 22:13:41 [main] DEBUG main.MainWindow.main(MainWindow.java:72) 数据初始化完成
2017-05-15 22:13:41 [main] DEBUG main.MainWindow.main(MainWindow.java:85) 界面初始化完成
2017-05-15 22:14:05 [main] DEBUG main.MainWindow.main(MainWindow.java:66) 界面初始化开始
2017-05-15 22:14:06 [main] DEBUG main.MainWindow.main(MainWindow.java:68) 数据初始化开始
2017-05-15 22:14:08 [main] DEBUG main.MainWindow.main(MainWindow.java:72) 数据初始化完成
2017-05-15 22:14:08 [main] DEBUG main.MainWindow.main(MainWindow.java:85) 界面初始化完成
2017-05-15 22:15:09 [main] DEBUG main.MainWindow.main(MainWindow.java:66) 界面初始化开始
2017-05-15 22:15:09 [main] DEBUG main.MainWindow.main(MainWindow.java:68) 数据初始化开始
2017-05-15 22:15:11 [main] DEBUG main.MainWindow.main(MainWindow.java:72) 数据初始化完成
2017-05-15 22:15:11 [main] DEBUG main.MainWindow.main(MainWindow.java:85) 界面初始化完成
2017-05-15 22:15:26 [main] DEBUG main.MainWindow.main(MainWindow.java:66) 界面初始化开始
2017-05-15 22:15:26 [main] DEBUG main.MainWindow.main(MainWindow.java:68) 数据初始化开始
2017-05-15 22:15:28 [main] DEBUG main.MainWindow.main(MainWindow.java:72) 数据初始化完成
2017-05-15 22:15:28 [main] DEBUG main.MainWindow.main(MainWindow.java:85) 界面初始化完成
2017-05-15 22:16:10 [main] DEBUG main.MainWindow.main(MainWindow.java:66) 界面初始化开始
2017-05-15 22:16:10 [main] DEBUG main.MainWindow.main(MainWindow.java:68) 数据初始化开始
2017-05-15 22:16:12 [main] DEBUG main.MainWindow.main(MainWindow.java:72) 数据初始化完成
2017-05-15 22:16:13 [main] DEBUG main.MainWindow.main(MainWindow.java:85) 界面初始化完成
2017-05-15 22:19:38 [main] DEBUG main.MainWindow.main(MainWindow.java:66) 界面初始化开始
2017-05-15 22:19:38 [main] DEBUG main.MainWindow.main(MainWindow.java:68) 数据初始化开始
2017-05-15 22:19:40 [main] DEBUG main.MainWindow.main(MainWindow.java:72) 数据初始化完成
2017-05-15 22:19:40 [main] DEBUG main.MainWindow.main(MainWindow.java:85) 界面初始化完成
2017-05-15 22:20:12 [main] DEBUG main.MainWindow.main(MainWindow.java:66) 界面初始化开始
2017-05-15 22:20:12 [main] DEBUG main.MainWindow.main(MainWindow.java:68) 数据初始化开始
2017-05-15 22:20:13 [main] DEBUG main.MainWindow.main(MainWindow.java:72) 数据初始化完成
2017-05-15 22:20:13 [main] DEBUG main.MainWindow.main(MainWindow.java:85) 界面初始化完成
2017-05-15 22:34:13 [main] DEBUG main.MainWindow.main(MainWindow.java:66) 界面初始化开始
2017-05-15 22:34:13 [main] DEBUG main.MainWindow.main(MainWindow.java:68) 数据初始化开始
2017-05-15 22:34:15 [main] DEBUG main.MainWindow.main(MainWindow.java:72) 数据初始化完成
2017-05-15 22:34:15 [main] DEBUG main.MainWindow.main(MainWindow.java:85) 界面初始化完成
2017-05-15 22:35:39 [main] DEBUG main.MainWindow.main(MainWindow.java:66) 界面初始化开始
2017-05-15 22:35:39 [main] DEBUG main.MainWindow.main(MainWindow.java:68) 数据初始化开始
2017-05-15 22:35:41 [main] DEBUG main.MainWindow.main(MainWindow.java:72) 数据初始化完成
2017-05-15 22:35:41 [main] DEBUG main.MainWindow.main(MainWindow.java:85) 界面初始化完成
2017-05-15 22:39:09 [main] DEBUG main.MainWindow.main(MainWindow.java:66) 界面初始化开始
2017-05-15 22:39:09 [main] DEBUG main.MainWindow.main(MainWindow.java:68) 数据初始化开始
2017-05-15 22:39:10 [main] DEBUG main.MainWindow.main(MainWindow.java:72) 数据初始化完成
2017-05-15 22:39:10 [main] DEBUG main.MainWindow.main(MainWindow.java:85) 界面初始化完成
2017-05-15 22:42:05 [main] DEBUG main.MainWindow.main(MainWindow.java:66) 界面初始化开始
2017-05-15 22:42:05 [main] DEBUG main.MainWindow.main(MainWindow.java:68) 数据初始化开始
2017-05-15 22:42:07 [main] DEBUG main.MainWindow.main(MainWindow.java:72) 数据初始化完成
2017-05-15 22:42:07 [main] DEBUG main.MainWindow.main(MainWindow.java:85) 界面初始化完成
2017-05-15 22:44:38 [main] DEBUG main.MainWindow.main(MainWindow.java:66) 界面初始化开始
2017-05-15 22:44:38 [main] DEBUG main.MainWindow.main(MainWindow.java:68) 数据初始化开始
2017-05-15 22:44:40 [main] DEBUG main.MainWindow.main(MainWindow.java:72) 数据初始化完成
2017-05-15 22:44:40 [main] DEBUG main.MainWindow.main(MainWindow.java:85) 界面初始化完成
2017-05-15 22:49:07 [main] DEBUG main.MainWindow.main(MainWindow.java:66) 界面初始化开始
2017-05-15 22:49:07 [main] DEBUG main.MainWindow.main(MainWindow.java:68) 数据初始化开始
2017-05-15 22:49:09 [main] DEBUG main.MainWindow.main(MainWindow.java:72) 数据初始化完成
2017-05-15 22:49:09 [main] DEBUG main.MainWindow.main(MainWindow.java:85) 界面初始化完成
2017-05-15 22:50:07 [main] DEBUG main.MainWindow.main(MainWindow.java:66) 界面初始化开始
2017-05-15 22:50:07 [main] DEBUG main.MainWindow.main(MainWindow.java:68) 数据初始化开始
2017-05-15 22:50:09 [main] DEBUG main.MainWindow.main(MainWindow.java:72) 数据初始化完成
2017-05-15 22:50:09 [main] DEBUG main.MainWindow.main(MainWindow.java:85) 界面初始化完成
2017-05-15 22:51:07 [main] DEBUG main.MainWindow.main(MainWindow.java:66) 界面初始化开始
2017-05-15 22:51:07 [main] DEBUG main.MainWindow.main(MainWindow.java:68) 数据初始化开始
2017-05-15 22:51:19 [main] DEBUG main.MainWindow.main(MainWindow.java:72) 数据初始化完成
2017-05-15 22:51:20 [main] DEBUG main.MainWindow.main(MainWindow.java:85) 界面初始化完成
2017-05-15 22:54:47 [main] DEBUG main.MainWindow.main(MainWindow.java:66) 界面初始化开始
2017-05-15 22:54:47 [main] DEBUG main.MainWindow.main(MainWindow.java:68) 数据初始化开始
2017-05-15 22:54:49 [main] DEBUG main.MainWindow.main(MainWindow.java:72) 数据初始化完成
2017-05-15 22:54:49 [main] DEBUG main.MainWindow.main(MainWindow.java:85) 界面初始化完成
2017-05-15 22:57:19 [main] DEBUG main.MainWindow.main(MainWindow.java:66) 界面初始化开始
2017-05-15 22:57:19 [main] DEBUG main.MainWindow.main(MainWindow.java:68) 数据初始化开始
2017-05-15 22:57:21 [main] DEBUG main.MainWindow.main(MainWindow.java:72) 数据初始化完成
2017-05-15 22:57:21 [main] DEBUG main.MainWindow.main(MainWindow.java:85) 界面初始化完成
2017-05-15 23:00:23 [main] DEBUG main.MainWindow.main(MainWindow.java:66) 界面初始化开始
2017-05-15 23:00:23 [main] DEBUG main.MainWindow.main(MainWindow.java:68) 数据初始化开始
2017-05-15 23:00:25 [main] DEBUG main.MainWindow.main(MainWindow.java:72) 数据初始化完成
2017-05-15 23:00:25 [main] DEBUG main.MainWindow.main(MainWindow.java:85) 界面初始化完成
2017-05-15 23:06:00 [main] DEBUG main.MainWindow.main(MainWindow.java:66) 界面初始化开始
2017-05-15 23:06:00 [main] DEBUG main.MainWindow.main(MainWindow.java:68) 数据初始化开始
2017-05-15 23:06:02 [main] DEBUG main.MainWindow.main(MainWindow.java:72) 数据初始化完成
2017-05-15 23:06:02 [main] DEBUG main.MainWindow.main(MainWindow.java:85) 界面初始化完成
2017-05-16 00:02:15 [main] DEBUG main.MainWindow.main(MainWindow.java:66) 界面初始化开始
2017-05-16 00:02:15 [main] DEBUG main.MainWindow.main(MainWindow.java:68) 数据初始化开始
2017-05-16 00:02:16 [main] DEBUG main.MainWindow.main(MainWindow.java:72) 数据初始化完成
2017-05-16 00:02:16 [main] DEBUG main.MainWindow.main(MainWindow.java:85) 界面初始化完成
2017-05-16 00:26:14 [main] DEBUG main.MainWindow.main(MainWindow.java:66) 界面初始化开始
2017-05-16 00:26:14 [main] DEBUG main.MainWindow.main(MainWindow.java:68) 数据初始化开始
2017-05-16 00:26:15 [main] DEBUG main.MainWindow.main(MainWindow.java:72) 数据初始化完成
2017-05-16 00:26:15 [main] DEBUG main.MainWindow.main(MainWindow.java:85) 界面初始化完成
2017-05-16 00:27:56 [main] DEBUG main.MainWindow.main(MainWindow.java:66) 界面初始化开始
2017-05-16 00:27:56 [main] DEBUG main.MainWindow.main(MainWindow.java:68) 数据初始化开始
2017-05-16 00:27:58 [main] DEBUG main.MainWindow.main(MainWindow.java:72) 数据初始化完成
2017-05-16 00:27:58 [main] DEBUG main.MainWindow.main(MainWindow.java:85) 界面初始化完成
2017-05-16 00:29:28 [main] DEBUG main.MainWindow.main(MainWindow.java:66) 界面初始化开始
2017-05-16 00:29:28 [main] DEBUG main.MainWindow.main(MainWindow.java:68) 数据初始化开始
2017-05-16 00:29:30 [main] DEBUG main.MainWindow.main(MainWindow.java:72) 数据初始化完成
2017-05-16 00:29:30 [main] DEBUG main.MainWindow.main(MainWindow.java:85) 界面初始化完成
2017-05-16 00:32:03 [main] DEBUG main.MainWindow.main(MainWindow.java:66) 界面初始化开始
2017-05-16 00:32:03 [main] DEBUG main.MainWindow.main(MainWindow.java:68) 数据初始化开始
2017-05-16 00:32:05 [main] DEBUG main.MainWindow.main(MainWindow.java:72) 数据初始化完成
2017-05-16 00:32:05 [main] DEBUG main.MainWindow.main(MainWindow.java:85) 界面初始化完成
2017-05-16 00:34:37 [main] DEBUG main.MainWindow.main(MainWindow.java:66) 界面初始化开始
2017-05-16 00:34:37 [main] DEBUG main.MainWindow.main(MainWindow.java:68) 数据初始化开始
2017-05-16 00:34:39 [main] DEBUG main.MainWindow.main(MainWindow.java:72) 数据初始化完成
2017-05-16 00:34:39 [main] DEBUG main.MainWindow.main(MainWindow.java:85) 界面初始化完成
2017-05-16 00:36:26 [main] DEBUG main.MainWindow.main(MainWindow.java:66) 界面初始化开始
2017-05-16 00:36:26 [main] DEBUG main.MainWindow.main(MainWindow.java:68) 数据初始化开始
2017-05-16 00:36:28 [main] DEBUG main.MainWindow.main(MainWindow.java:72) 数据初始化完成
2017-05-16 00:36:28 [main] DEBUG main.MainWindow.main(MainWindow.java:85) 界面初始化完成
2017-05-16 00:42:25 [main] DEBUG main.MainWindow.main(MainWindow.java:66) 界面初始化开始
2017-05-16 00:42:25 [main] DEBUG main.MainWindow.main(MainWindow.java:68) 数据初始化开始
2017-05-16 00:42:26 [main] DEBUG main.MainWindow.main(MainWindow.java:72) 数据初始化完成
2017-05-16 00:42:27 [main] DEBUG main.MainWindow.main(MainWindow.java:85) 界面初始化完成
2017-05-16 00:46:59 [main] DEBUG main.MainWindow.main(MainWindow.java:65) 界面初始化开始
2017-05-16 00:46:59 [main] DEBUG main.MainWindow.main(MainWindow.java:67) 数据初始化开始
2017-05-16 00:47:00 [main] DEBUG main.MainWindow.main(MainWindow.java:71) 数据初始化完成
2017-05-16 00:47:00 [main] DEBUG main.MainWindow.main(MainWindow.java:84) 界面初始化完成
2017-05-16 00:47:03 [AWT-EventQueue-0] DEBUG main.MainWindow$30.actionPerformed(MainWindow.java:920) 点击首页
2017-05-16 00:47:08 [AWT-EventQueue-0] DEBUG main.MainWindow$30.actionPerformed(MainWindow.java:924) 点击新闻
2017-05-16 00:47:10 [AWT-EventQueue-0] DEBUG main.MainWindow$30.actionPerformed(MainWindow.java:941) 点击统计
2017-05-16 00:47:12 [AWT-EventQueue-0] DEBUG main.MainWindow$30.actionPerformed(MainWindow.java:957) 点击回收站
2017-05-16 00:47:16 [AWT-EventQueue-0] DEBUG main.MainWindow$30.actionPerformed(MainWindow.java:941) 点击统计
2017-05-16 00:48:15 [AWT-EventQueue-0] DEBUG main.MainWindow$30.actionPerformed(MainWindow.java:924) 点击新闻
2017-05-16 00:48:15 [AWT-EventQueue-0] DEBUG main.MainWindow$30.actionPerformed(MainWindow.java:941) 点击统计
2017-05-16 00:48:56 [main] DEBUG main.MainWindow.main(MainWindow.java:65) 界面初始化开始
2017-05-16 00:48:56 [main] DEBUG main.MainWindow.main(MainWindow.java:67) 数据初始化开始
2017-05-16 00:48:59 [main] DEBUG main.MainWindow.main(MainWindow.java:71) 数据初始化完成
2017-05-16 00:48:59 [main] DEBUG main.MainWindow.main(MainWindow.java:84) 界面初始化完成
2017-05-16 00:49:06 [AWT-EventQueue-0] DEBUG main.MainWindow$30.actionPerformed(MainWindow.java:941) 点击统计
2017-05-16 00:50:14 [AWT-EventQueue-0] DEBUG main.MainWindow$30.actionPerformed(MainWindow.java:924) 点击新闻
2017-05-16 00:50:31 [AWT-EventQueue-0] DEBUG main.MainWindow$30.actionPerformed(MainWindow.java:941) 点击统计
2017-05-16 00:50:39 [AWT-EventQueue-0] DEBUG main.MainWindow$30.actionPerformed(MainWindow.java:924) 点击新闻
2017-05-16 00:50:44 [AWT-EventQueue-0] DEBUG main.MainWindow$30.actionPerformed(MainWindow.java:924) 点击新闻
2017-05-16 00:50:48 [AWT-EventQueue-0] DEBUG main.MainWindow$30.actionPerformed(MainWindow.java:924) 点击新闻
2017-05-16 00:50:51 [AWT-EventQueue-0] DEBUG main.MainWindow$30.actionPerformed(MainWindow.java:924) 点击新闻
2017-05-16 00:50:53 [AWT-EventQueue-0] DEBUG main.MainWindow$30.actionPerformed(MainWindow.java:924) 点击新闻
2017-05-16 00:50:55 [AWT-EventQueue-0] DEBUG main.MainWindow$30.actionPerformed(MainWindow.java:924) 点击新闻
2017-05-16 00:50:57 [AWT-EventQueue-0] DEBUG main.MainWindow$30.actionPerformed(MainWindow.java:924) 点击新闻
2017-05-16 00:51:03 [AWT-EventQueue-0] DEBUG main.MainWindow$30.actionPerformed(MainWindow.java:941) 点击统计
2017-05-16 00:51:07 [AWT-EventQueue-0] DEBUG main.MainWindow$30.actionPerformed(MainWindow.java:924) 点击新闻
2017-05-16 00:51:15 [AWT-EventQueue-0] DEBUG main.MainWindow$30.actionPerformed(MainWindow.java:924) 点击新闻
2017-05-16 00:51:28 [AWT-EventQueue-0] DEBUG main.MainWindow$30.actionPerformed(MainWindow.java:924) 点击新闻
2017-05-16 00:51:32 [AWT-EventQueue-0] DEBUG main.MainWindow$30.actionPerformed(MainWindow.java:924) 点击新闻
2017-05-16 00:51:36 [AWT-EventQueue-0] DEBUG main.MainWindow$30.actionPerformed(MainWindow.java:941) 点击统计
2017-05-16 00:52:23 [main] DEBUG main.MainWindow.main(MainWindow.java:65) 界面初始化开始
2017-05-16 00:52:23 [main] DEBUG main.MainWindow.main(MainWindow.java:67) 数据初始化开始
2017-05-16 00:52:24 [main] DEBUG main.MainWindow.main(MainWindow.java:71) 数据初始化完成
2017-05-16 00:52:25 [main] DEBUG main.MainWindow.main(MainWindow.java:84) 界面初始化完成
2017-05-16 00:52:27 [AWT-EventQueue-0] DEBUG main.MainWindow$30.actionPerformed(MainWindow.java:941) 点击统计
2017-05-16 00:53:31 [main] DEBUG main.MainWindow.main(MainWindow.java:65) 界面初始化开始
2017-05-16 00:53:31 [main] DEBUG main.MainWindow.main(MainWindow.java:67) 数据初始化开始
2017-05-16 00:53:33 [main] DEBUG main.MainWindow.main(MainWindow.java:71) 数据初始化完成
2017-05-16 00:53:33 [main] DEBUG main.MainWindow.main(MainWindow.java:84) 界面初始化完成
2017-05-16 00:53:36 [AWT-EventQueue-0] DEBUG main.MainWindow$30.actionPerformed(MainWindow.java:924) 点击新闻
2017-05-16 00:54:06 [AWT-EventQueue-0] DEBUG main.MainWindow$30.actionPerformed(MainWindow.java:941) 点击统计
